{"C:\\Users\\Youcanprint1\\Desktop\\AI\\primariga\\app\\+not-found.tsx": {"path":"C:\\Users\\Youcanprint1\\Desktop\\AI\\primariga\\app\\+not-found.tsx","statementMap":{"0":{"start":{"line":10,"column":17},"end":{"line":10,"column":28}},"1":{"start":{"line":12,"column":2},"end":{"line":32,"column":4}},"2":{"start":{"line":25,"column":23},"end":{"line":25,"column":39}},"3":{"start":{"line":35,"column":15},"end":{"line":58,"column":2}}},"fnMap":{"0":{"name":"NotFoundScreen","decl":{"start":{"line":9,"column":24},"end":{"line":9,"column":38}},"loc":{"start":{"line":9,"column":41},"end":{"line":33,"column":1}},"line":9},"1":{"name":"(anonymous_1)","decl":{"start":{"line":25,"column":17},"end":{"line":25,"column":18}},"loc":{"start":{"line":25,"column":23},"end":{"line":25,"column":39}},"line":25}},"branchMap":{},"s":{"0":0,"1":0,"2":0,"3":0},"f":{"0":0,"1":0},"b":{}}
,"C:\\Users\\Youcanprint1\\Desktop\\AI\\primariga\\app\\_layout.tsx": {"path":"C:\\Users\\Youcanprint1\\Desktop\\AI\\primariga\\app\\_layout.tsx","statementMap":{"0":{"start":{"line":13,"column":2},"end":{"line":44,"column":4}}},"fnMap":{"0":{"name":"RootLayout","decl":{"start":{"line":12,"column":24},"end":{"line":12,"column":34}},"loc":{"start":{"line":12,"column":37},"end":{"line":45,"column":1}},"line":12}},"branchMap":{},"s":{"0":0},"f":{"0":0},"b":{}}
,"C:\\Users\\Youcanprint1\\Desktop\\AI\\primariga\\app\\(tabs)\\_layout.tsx": {"path":"C:\\Users\\Youcanprint1\\Desktop\\AI\\primariga\\app\\(tabs)\\_layout.tsx","statementMap":{"0":{"start":{"line":9,"column":16},"end":{"line":9,"column":26}},"1":{"start":{"line":11,"column":2},"end":{"line":56,"column":4}},"2":{"start":{"line":33,"column":12},"end":{"line":33,"column":94}},"3":{"start":{"line":42,"column":12},"end":{"line":42,"column":77}},"4":{"start":{"line":51,"column":12},"end":{"line":51,"column":79}}},"fnMap":{"0":{"name":"TabsLayout","decl":{"start":{"line":8,"column":24},"end":{"line":8,"column":34}},"loc":{"start":{"line":8,"column":37},"end":{"line":57,"column":1}},"line":8},"1":{"name":"(anonymous_1)","decl":{"start":{"line":32,"column":22},"end":{"line":32,"column":23}},"loc":{"start":{"line":33,"column":12},"end":{"line":33,"column":94}},"line":33},"2":{"name":"(anonymous_2)","decl":{"start":{"line":41,"column":22},"end":{"line":41,"column":23}},"loc":{"start":{"line":42,"column":12},"end":{"line":42,"column":77}},"line":42},"3":{"name":"(anonymous_3)","decl":{"start":{"line":50,"column":22},"end":{"line":50,"column":23}},"loc":{"start":{"line":51,"column":12},"end":{"line":51,"column":79}},"line":51}},"branchMap":{},"s":{"0":0,"1":0,"2":0,"3":0,"4":0},"f":{"0":0,"1":0,"2":0,"3":0},"b":{}}
,"C:\\Users\\Youcanprint1\\Desktop\\AI\\primariga\\app\\(tabs)\\favorites.tsx": {"path":"C:\\Users\\Youcanprint1\\Desktop\\AI\\primariga\\app\\(tabs)\\favorites.tsx","statementMap":{"0":{"start":{"line":12,"column":17},"end":{"line":12,"column":28}},"1":{"start":{"line":13,"column":58},"end":{"line":13,"column":73}},"2":{"start":{"line":15,"column":26},"end":{"line":17,"column":3}},"3":{"start":{"line":16,"column":4},"end":{"line":16,"column":35}},"4":{"start":{"line":19,"column":2},"end":{"line":28,"column":3}},"5":{"start":{"line":20,"column":4},"end":{"line":27,"column":6}},"6":{"start":{"line":30,"column":2},"end":{"line":39,"column":3}},"7":{"start":{"line":31,"column":4},"end":{"line":38,"column":6}},"8":{"start":{"line":41,"column":2},"end":{"line":55,"column":3}},"9":{"start":{"line":42,"column":4},"end":{"line":54,"column":6}},"10":{"start":{"line":57,"column":2},"end":{"line":77,"column":4}},"11":{"start":{"line":60,"column":30},"end":{"line":60,"column":37}},"12":{"start":{"line":63,"column":8},"end":{"line":67,"column":10}},"13":{"start":{"line":65,"column":25},"end":{"line":65,"column":49}},"14":{"start":{"line":80,"column":15},"end":{"line":111,"column":2}}},"fnMap":{"0":{"name":"FavoritesScreen","decl":{"start":{"line":11,"column":24},"end":{"line":11,"column":39}},"loc":{"start":{"line":11,"column":42},"end":{"line":78,"column":1}},"line":11},"1":{"name":"(anonymous_1)","decl":{"start":{"line":15,"column":26},"end":{"line":15,"column":27}},"loc":{"start":{"line":15,"column":46},"end":{"line":17,"column":3}},"line":15},"2":{"name":"(anonymous_2)","decl":{"start":{"line":60,"column":20},"end":{"line":60,"column":21}},"loc":{"start":{"line":60,"column":30},"end":{"line":60,"column":37}},"line":60},"3":{"name":"(anonymous_3)","decl":{"start":{"line":62,"column":18},"end":{"line":62,"column":19}},"loc":{"start":{"line":63,"column":8},"end":{"line":67,"column":10}},"line":63},"4":{"name":"(anonymous_4)","decl":{"start":{"line":65,"column":19},"end":{"line":65,"column":20}},"loc":{"start":{"line":65,"column":25},"end":{"line":65,"column":49}},"line":65}},"branchMap":{"0":{"loc":{"start":{"line":19,"column":2},"end":{"line":28,"column":3}},"type":"if","locations":[{"start":{"line":19,"column":2},"end":{"line":28,"column":3}},{"start":{},"end":{}}],"line":19},"1":{"loc":{"start":{"line":30,"column":2},"end":{"line":39,"column":3}},"type":"if","locations":[{"start":{"line":30,"column":2},"end":{"line":39,"column":3}},{"start":{},"end":{}}],"line":30},"2":{"loc":{"start":{"line":41,"column":2},"end":{"line":55,"column":3}},"type":"if","locations":[{"start":{"line":41,"column":2},"end":{"line":55,"column":3}},{"start":{},"end":{}}],"line":41},"3":{"loc":{"start":{"line":41,"column":6},"end":{"line":41,"column":44}},"type":"binary-expr","locations":[{"start":{"line":41,"column":6},"end":{"line":41,"column":17}},{"start":{"line":41,"column":21},"end":{"line":41,"column":44}}],"line":41}},"s":{"0":0,"1":0,"2":0,"3":0,"4":0,"5":0,"6":0,"7":0,"8":0,"9":0,"10":0,"11":0,"12":0,"13":0,"14":0},"f":{"0":0,"1":0,"2":0,"3":0,"4":0},"b":{"0":[0,0],"1":[0,0],"2":[0,0],"3":[0,0]}}
,"C:\\Users\\Youcanprint1\\Desktop\\AI\\primariga\\app\\(tabs)\\index.tsx": {"path":"C:\\Users\\Youcanprint1\\Desktop\\AI\\primariga\\app\\(tabs)\\index.tsx","statementMap":{"0":{"start":{"line":15,"column":17},"end":{"line":15,"column":28}},"1":{"start":{"line":16,"column":52},"end":{"line":16,"column":67}},"2":{"start":{"line":17,"column":24},"end":{"line":17,"column":46}},"3":{"start":{"line":18,"column":25},"end":{"line":18,"column":48}},"4":{"start":{"line":19,"column":21},"end":{"line":19,"column":36}},"5":{"start":{"line":20,"column":28},"end":{"line":20,"column":52}},"6":{"start":{"line":23,"column":2},"end":{"line":27,"column":17}},"7":{"start":{"line":24,"column":4},"end":{"line":26,"column":5}},"8":{"start":{"line":25,"column":6},"end":{"line":25,"column":36}},"9":{"start":{"line":29,"column":21},"end":{"line":31,"column":3}},"10":{"start":{"line":30,"column":4},"end":{"line":30,"column":14}},"11":{"start":{"line":33,"column":21},"end":{"line":36,"column":3}},"12":{"start":{"line":34,"column":4},"end":{"line":34,"column":22}},"13":{"start":{"line":34,"column":15},"end":{"line":34,"column":22}},"14":{"start":{"line":35,"column":4},"end":{"line":35,"column":70}},"15":{"start":{"line":38,"column":25},"end":{"line":49,"column":3}},"16":{"start":{"line":39,"column":4},"end":{"line":39,"column":22}},"17":{"start":{"line":39,"column":15},"end":{"line":39,"column":22}},"18":{"start":{"line":42,"column":4},"end":{"line":42,"column":35}},"19":{"start":{"line":45,"column":20},"end":{"line":45,"column":73}},"20":{"start":{"line":46,"column":4},"end":{"line":48,"column":5}},"21":{"start":{"line":47,"column":6},"end":{"line":47,"column":37}},"22":{"start":{"line":51,"column":28},"end":{"line":54,"column":3}},"23":{"start":{"line":52,"column":4},"end":{"line":52,"column":22}},"24":{"start":{"line":52,"column":15},"end":{"line":52,"column":22}},"25":{"start":{"line":53,"column":4},"end":{"line":53,"column":36}},"26":{"start":{"line":56,"column":2},"end":{"line":65,"column":3}},"27":{"start":{"line":57,"column":4},"end":{"line":64,"column":6}},"28":{"start":{"line":67,"column":2},"end":{"line":76,"column":3}},"29":{"start":{"line":68,"column":4},"end":{"line":75,"column":6}},"30":{"start":{"line":78,"column":2},"end":{"line":93,"column":3}},"31":{"start":{"line":79,"column":4},"end":{"line":92,"column":6}},"32":{"start":{"line":95,"column":2},"end":{"line":151,"column":4}},"33":{"start":{"line":154,"column":15},"end":{"line":210,"column":2}}},"fnMap":{"0":{"name":"HomeScreen","decl":{"start":{"line":14,"column":24},"end":{"line":14,"column":34}},"loc":{"start":{"line":14,"column":37},"end":{"line":152,"column":1}},"line":14},"1":{"name":"(anonymous_1)","decl":{"start":{"line":23,"column":12},"end":{"line":23,"column":13}},"loc":{"start":{"line":23,"column":18},"end":{"line":27,"column":3}},"line":23},"2":{"name":"(anonymous_2)","decl":{"start":{"line":29,"column":21},"end":{"line":29,"column":22}},"loc":{"start":{"line":29,"column":27},"end":{"line":31,"column":3}},"line":29},"3":{"name":"(anonymous_3)","decl":{"start":{"line":33,"column":21},"end":{"line":33,"column":22}},"loc":{"start":{"line":33,"column":27},"end":{"line":36,"column":3}},"line":33},"4":{"name":"(anonymous_4)","decl":{"start":{"line":38,"column":25},"end":{"line":38,"column":26}},"loc":{"start":{"line":38,"column":37},"end":{"line":49,"column":3}},"line":38},"5":{"name":"(anonymous_5)","decl":{"start":{"line":51,"column":28},"end":{"line":51,"column":29}},"loc":{"start":{"line":51,"column":34},"end":{"line":54,"column":3}},"line":51}},"branchMap":{"0":{"loc":{"start":{"line":24,"column":4},"end":{"line":26,"column":5}},"type":"if","locations":[{"start":{"line":24,"column":4},"end":{"line":26,"column":5}},{"start":{},"end":{}}],"line":24},"1":{"loc":{"start":{"line":34,"column":4},"end":{"line":34,"column":22}},"type":"if","locations":[{"start":{"line":34,"column":4},"end":{"line":34,"column":22}},{"start":{},"end":{}}],"line":34},"2":{"loc":{"start":{"line":35,"column":50},"end":{"line":35,"column":66}},"type":"binary-expr","locations":[{"start":{"line":35,"column":50},"end":{"line":35,"column":57}},{"start":{"line":35,"column":61},"end":{"line":35,"column":66}}],"line":35},"3":{"loc":{"start":{"line":39,"column":4},"end":{"line":39,"column":22}},"type":"if","locations":[{"start":{"line":39,"column":4},"end":{"line":39,"column":22}},{"start":{},"end":{}}],"line":39},"4":{"loc":{"start":{"line":45,"column":20},"end":{"line":45,"column":73}},"type":"binary-expr","locations":[{"start":{"line":45,"column":20},"end":{"line":45,"column":35}},{"start":{"line":45,"column":39},"end":{"line":45,"column":51}},{"start":{"line":45,"column":55},"end":{"line":45,"column":73}}],"line":45},"5":{"loc":{"start":{"line":46,"column":4},"end":{"line":48,"column":5}},"type":"if","locations":[{"start":{"line":46,"column":4},"end":{"line":48,"column":5}},{"start":{},"end":{}}],"line":46},"6":{"loc":{"start":{"line":52,"column":4},"end":{"line":52,"column":22}},"type":"if","locations":[{"start":{"line":52,"column":4},"end":{"line":52,"column":22}},{"start":{},"end":{}}],"line":52},"7":{"loc":{"start":{"line":56,"column":2},"end":{"line":65,"column":3}},"type":"if","locations":[{"start":{"line":56,"column":2},"end":{"line":65,"column":3}},{"start":{},"end":{}}],"line":56},"8":{"loc":{"start":{"line":67,"column":2},"end":{"line":76,"column":3}},"type":"if","locations":[{"start":{"line":67,"column":2},"end":{"line":76,"column":3}},{"start":{},"end":{}}],"line":67},"9":{"loc":{"start":{"line":78,"column":2},"end":{"line":93,"column":3}},"type":"if","locations":[{"start":{"line":78,"column":2},"end":{"line":93,"column":3}},{"start":{},"end":{}}],"line":78},"10":{"loc":{"start":{"line":115,"column":17},"end":{"line":115,"column":33}},"type":"binary-expr","locations":[{"start":{"line":115,"column":17},"end":{"line":115,"column":24}},{"start":{"line":115,"column":28},"end":{"line":115,"column":33}}],"line":115}},"s":{"0":0,"1":0,"2":0,"3":0,"4":0,"5":0,"6":0,"7":0,"8":0,"9":0,"10":0,"11":0,"12":0,"13":0,"14":0,"15":0,"16":0,"17":0,"18":0,"19":0,"20":0,"21":0,"22":0,"23":0,"24":0,"25":0,"26":0,"27":0,"28":0,"29":0,"30":0,"31":0,"32":0,"33":0},"f":{"0":0,"1":0,"2":0,"3":0,"4":0,"5":0},"b":{"0":[0,0],"1":[0,0],"2":[0,0],"3":[0,0],"4":[0,0,0],"5":[0,0],"6":[0,0],"7":[0,0],"8":[0,0],"9":[0,0],"10":[0,0]}}
,"C:\\Users\\Youcanprint1\\Desktop\\AI\\primariga\\app\\(tabs)\\profile.tsx": {"path":"C:\\Users\\Youcanprint1\\Desktop\\AI\\primariga\\app\\(tabs)\\profile.tsx","statementMap":{"0":{"start":{"line":12,"column":31},"end":{"line":12,"column":46}},"1":{"start":{"line":13,"column":22},"end":{"line":13,"column":63}},"2":{"start":{"line":13,"column":45},"end":{"line":13,"column":62}},"3":{"start":{"line":14,"column":25},"end":{"line":14,"column":69}},"4":{"start":{"line":14,"column":48},"end":{"line":14,"column":68}},"5":{"start":{"line":15,"column":17},"end":{"line":15,"column":53}},"6":{"start":{"line":15,"column":40},"end":{"line":15,"column":52}},"7":{"start":{"line":16,"column":18},"end":{"line":16,"column":55}},"8":{"start":{"line":16,"column":41},"end":{"line":16,"column":54}},"9":{"start":{"line":19,"column":2},"end":{"line":24,"column":24}},"10":{"start":{"line":20,"column":4},"end":{"line":23,"column":5}},"11":{"start":{"line":21,"column":25},"end":{"line":21,"column":88}},"12":{"start":{"line":22,"column":6},"end":{"line":22,"column":26}},"13":{"start":{"line":26,"column":16},"end":{"line":29,"column":3}},"14":{"start":{"line":31,"column":2},"end":{"line":108,"column":4}},"15":{"start":{"line":111,"column":15},"end":{"line":174,"column":2}}},"fnMap":{"0":{"name":"ProfileScreen","decl":{"start":{"line":11,"column":24},"end":{"line":11,"column":37}},"loc":{"start":{"line":11,"column":40},"end":{"line":109,"column":1}},"line":11},"1":{"name":"(anonymous_1)","decl":{"start":{"line":13,"column":34},"end":{"line":13,"column":35}},"loc":{"start":{"line":13,"column":45},"end":{"line":13,"column":62}},"line":13},"2":{"name":"(anonymous_2)","decl":{"start":{"line":14,"column":37},"end":{"line":14,"column":38}},"loc":{"start":{"line":14,"column":48},"end":{"line":14,"column":68}},"line":14},"3":{"name":"(anonymous_3)","decl":{"start":{"line":15,"column":29},"end":{"line":15,"column":30}},"loc":{"start":{"line":15,"column":40},"end":{"line":15,"column":52}},"line":15},"4":{"name":"(anonymous_4)","decl":{"start":{"line":16,"column":30},"end":{"line":16,"column":31}},"loc":{"start":{"line":16,"column":41},"end":{"line":16,"column":54}},"line":16},"5":{"name":"(anonymous_5)","decl":{"start":{"line":19,"column":12},"end":{"line":19,"column":13}},"loc":{"start":{"line":19,"column":18},"end":{"line":24,"column":3}},"line":19}},"branchMap":{"0":{"loc":{"start":{"line":20,"column":4},"end":{"line":23,"column":5}},"type":"if","locations":[{"start":{"line":20,"column":4},"end":{"line":23,"column":5}},{"start":{},"end":{}}],"line":20},"1":{"loc":{"start":{"line":27,"column":11},"end":{"line":27,"column":34}},"type":"binary-expr","locations":[{"start":{"line":27,"column":11},"end":{"line":27,"column":29}},{"start":{"line":27,"column":33},"end":{"line":27,"column":34}}],"line":27}},"s":{"0":0,"1":0,"2":0,"3":0,"4":0,"5":0,"6":0,"7":0,"8":0,"9":0,"10":0,"11":0,"12":0,"13":0,"14":0,"15":0},"f":{"0":0,"1":0,"2":0,"3":0,"4":0,"5":0},"b":{"0":[0,0],"1":[0,0]}}
,"C:\\Users\\Youcanprint1\\Desktop\\AI\\primariga\\app\\book\\[id].tsx": {"path":"C:\\Users\\Youcanprint1\\Desktop\\AI\\primariga\\app\\book\\[id].tsx","statementMap":{"0":{"start":{"line":14,"column":17},"end":{"line":14,"column":55}},"1":{"start":{"line":15,"column":17},"end":{"line":15,"column":28}},"2":{"start":{"line":16,"column":43},"end":{"line":16,"column":54}},"3":{"start":{"line":17,"column":28},"end":{"line":17,"column":46}},"4":{"start":{"line":18,"column":21},"end":{"line":18,"column":36}},"5":{"start":{"line":20,"column":27},"end":{"line":23,"column":3}},"6":{"start":{"line":21,"column":4},"end":{"line":21,"column":22}},"7":{"start":{"line":21,"column":15},"end":{"line":21,"column":22}},"8":{"start":{"line":22,"column":4},"end":{"line":22,"column":70}},"9":{"start":{"line":25,"column":25},"end":{"line":28,"column":3}},"10":{"start":{"line":26,"column":4},"end":{"line":26,"column":21}},"11":{"start":{"line":26,"column":14},"end":{"line":26,"column":21}},"12":{"start":{"line":27,"column":4},"end":{"line":27,"column":31}},"13":{"start":{"line":30,"column":2},"end":{"line":36,"column":3}},"14":{"start":{"line":31,"column":4},"end":{"line":35,"column":6}},"15":{"start":{"line":38,"column":2},"end":{"line":47,"column":3}},"16":{"start":{"line":39,"column":4},"end":{"line":46,"column":6}},"17":{"start":{"line":43,"column":25},"end":{"line":43,"column":38}},"18":{"start":{"line":49,"column":2},"end":{"line":188,"column":4}},"19":{"start":{"line":71,"column":14},"end":{"line":73,"column":21}},"20":{"start":{"line":150,"column":29},"end":{"line":150,"column":60}},"21":{"start":{"line":161,"column":29},"end":{"line":161,"column":57}},"22":{"start":{"line":172,"column":29},"end":{"line":172,"column":63}},"23":{"start":{"line":191,"column":15},"end":{"line":265,"column":2}}},"fnMap":{"0":{"name":"BookDetailScreen","decl":{"start":{"line":13,"column":24},"end":{"line":13,"column":40}},"loc":{"start":{"line":13,"column":43},"end":{"line":189,"column":1}},"line":13},"1":{"name":"(anonymous_1)","decl":{"start":{"line":20,"column":27},"end":{"line":20,"column":28}},"loc":{"start":{"line":20,"column":33},"end":{"line":23,"column":3}},"line":20},"2":{"name":"(anonymous_2)","decl":{"start":{"line":25,"column":25},"end":{"line":25,"column":26}},"loc":{"start":{"line":25,"column":49},"end":{"line":28,"column":3}},"line":25},"3":{"name":"(anonymous_3)","decl":{"start":{"line":43,"column":19},"end":{"line":43,"column":20}},"loc":{"start":{"line":43,"column":25},"end":{"line":43,"column":38}},"line":43},"4":{"name":"(anonymous_4)","decl":{"start":{"line":70,"column":29},"end":{"line":70,"column":30}},"loc":{"start":{"line":71,"column":14},"end":{"line":73,"column":21}},"line":71},"5":{"name":"(anonymous_5)","decl":{"start":{"line":150,"column":23},"end":{"line":150,"column":24}},"loc":{"start":{"line":150,"column":29},"end":{"line":150,"column":60}},"line":150},"6":{"name":"(anonymous_6)","decl":{"start":{"line":161,"column":23},"end":{"line":161,"column":24}},"loc":{"start":{"line":161,"column":29},"end":{"line":161,"column":57}},"line":161},"7":{"name":"(anonymous_7)","decl":{"start":{"line":172,"column":23},"end":{"line":172,"column":24}},"loc":{"start":{"line":172,"column":29},"end":{"line":172,"column":63}},"line":172}},"branchMap":{"0":{"loc":{"start":{"line":21,"column":4},"end":{"line":21,"column":22}},"type":"if","locations":[{"start":{"line":21,"column":4},"end":{"line":21,"column":22}},{"start":{},"end":{}}],"line":21},"1":{"loc":{"start":{"line":22,"column":50},"end":{"line":22,"column":66}},"type":"binary-expr","locations":[{"start":{"line":22,"column":50},"end":{"line":22,"column":57}},{"start":{"line":22,"column":61},"end":{"line":22,"column":66}}],"line":22},"2":{"loc":{"start":{"line":26,"column":4},"end":{"line":26,"column":21}},"type":"if","locations":[{"start":{"line":26,"column":4},"end":{"line":26,"column":21}},{"start":{},"end":{}}],"line":26},"3":{"loc":{"start":{"line":30,"column":2},"end":{"line":36,"column":3}},"type":"if","locations":[{"start":{"line":30,"column":2},"end":{"line":36,"column":3}},{"start":{},"end":{}}],"line":30},"4":{"loc":{"start":{"line":38,"column":2},"end":{"line":47,"column":3}},"type":"if","locations":[{"start":{"line":38,"column":2},"end":{"line":47,"column":3}},{"start":{},"end":{}}],"line":38},"5":{"loc":{"start":{"line":38,"column":6},"end":{"line":38,"column":20}},"type":"binary-expr","locations":[{"start":{"line":38,"column":6},"end":{"line":38,"column":11}},{"start":{"line":38,"column":15},"end":{"line":38,"column":20}}],"line":38},"6":{"loc":{"start":{"line":51,"column":7},"end":{"line":57,"column":7}},"type":"binary-expr","locations":[{"start":{"line":51,"column":7},"end":{"line":51,"column":25}},{"start":{"line":52,"column":8},"end":{"line":56,"column":10}}],"line":51},"7":{"loc":{"start":{"line":68,"column":9},"end":{"line":76,"column":9}},"type":"binary-expr","locations":[{"start":{"line":68,"column":9},"end":{"line":68,"column":20}},{"start":{"line":68,"column":24},"end":{"line":68,"column":46}},{"start":{"line":69,"column":10},"end":{"line":75,"column":17}}],"line":68},"8":{"loc":{"start":{"line":80,"column":9},"end":{"line":90,"column":9}},"type":"binary-expr","locations":[{"start":{"line":80,"column":9},"end":{"line":80,"column":25}},{"start":{"line":81,"column":10},"end":{"line":89,"column":13}}],"line":80},"9":{"loc":{"start":{"line":93,"column":11},"end":{"line":98,"column":11}},"type":"binary-expr","locations":[{"start":{"line":93,"column":11},"end":{"line":93,"column":25}},{"start":{"line":94,"column":12},"end":{"line":97,"column":19}}],"line":93},"10":{"loc":{"start":{"line":100,"column":11},"end":{"line":105,"column":11}},"type":"binary-expr","locations":[{"start":{"line":100,"column":11},"end":{"line":100,"column":31}},{"start":{"line":101,"column":12},"end":{"line":104,"column":19}}],"line":100},"11":{"loc":{"start":{"line":107,"column":11},"end":{"line":112,"column":11}},"type":"binary-expr","locations":[{"start":{"line":107,"column":11},"end":{"line":107,"column":25}},{"start":{"line":108,"column":12},"end":{"line":111,"column":19}}],"line":107},"12":{"loc":{"start":{"line":114,"column":11},"end":{"line":119,"column":11}},"type":"binary-expr","locations":[{"start":{"line":114,"column":11},"end":{"line":114,"column":24}},{"start":{"line":115,"column":12},"end":{"line":118,"column":19}}],"line":114},"13":{"loc":{"start":{"line":121,"column":11},"end":{"line":126,"column":11}},"type":"binary-expr","locations":[{"start":{"line":121,"column":11},"end":{"line":121,"column":20}},{"start":{"line":122,"column":12},"end":{"line":125,"column":19}}],"line":121},"14":{"loc":{"start":{"line":133,"column":18},"end":{"line":133,"column":52}},"type":"cond-expr","locations":[{"start":{"line":133,"column":28},"end":{"line":133,"column":39}},{"start":{"line":133,"column":42},"end":{"line":133,"column":52}}],"line":133},"15":{"loc":{"start":{"line":136,"column":18},"end":{"line":136,"column":53}},"type":"cond-expr","locations":[{"start":{"line":136,"column":28},"end":{"line":136,"column":35}},{"start":{"line":136,"column":38},"end":{"line":136,"column":53}}],"line":136},"16":{"loc":{"start":{"line":138,"column":13},"end":{"line":138,"column":46}},"type":"cond-expr","locations":[{"start":{"line":138,"column":23},"end":{"line":138,"column":33}},{"start":{"line":138,"column":36},"end":{"line":138,"column":46}}],"line":138},"17":{"loc":{"start":{"line":147,"column":11},"end":{"line":156,"column":11}},"type":"binary-expr","locations":[{"start":{"line":147,"column":11},"end":{"line":147,"column":26}},{"start":{"line":148,"column":12},"end":{"line":155,"column":21}}],"line":147},"18":{"loc":{"start":{"line":158,"column":11},"end":{"line":167,"column":11}},"type":"binary-expr","locations":[{"start":{"line":158,"column":11},"end":{"line":158,"column":23}},{"start":{"line":159,"column":12},"end":{"line":166,"column":21}}],"line":158},"19":{"loc":{"start":{"line":169,"column":11},"end":{"line":178,"column":11}},"type":"binary-expr","locations":[{"start":{"line":169,"column":11},"end":{"line":169,"column":29}},{"start":{"line":170,"column":12},"end":{"line":177,"column":21}}],"line":169},"20":{"loc":{"start":{"line":180,"column":11},"end":{"line":184,"column":11}},"type":"binary-expr","locations":[{"start":{"line":180,"column":11},"end":{"line":180,"column":27}},{"start":{"line":180,"column":31},"end":{"line":180,"column":44}},{"start":{"line":180,"column":48},"end":{"line":180,"column":67}},{"start":{"line":181,"column":12},"end":{"line":183,"column":19}}],"line":180}},"s":{"0":0,"1":0,"2":0,"3":0,"4":0,"5":0,"6":0,"7":0,"8":0,"9":0,"10":0,"11":0,"12":0,"13":0,"14":0,"15":0,"16":0,"17":0,"18":0,"19":0,"20":0,"21":0,"22":0,"23":0},"f":{"0":0,"1":0,"2":0,"3":0,"4":0,"5":0,"6":0,"7":0},"b":{"0":[0,0],"1":[0,0],"2":[0,0],"3":[0,0],"4":[0,0],"5":[0,0],"6":[0,0],"7":[0,0,0],"8":[0,0],"9":[0,0],"10":[0,0],"11":[0,0],"12":[0,0],"13":[0,0],"14":[0,0],"15":[0,0],"16":[0,0],"17":[0,0],"18":[0,0],"19":[0,0],"20":[0,0,0,0]}}
,"C:\\Users\\Youcanprint1\\Desktop\\AI\\primariga\\src\\data\\supabaseClient.ts": {"path":"C:\\Users\\Youcanprint1\\Desktop\\AI\\primariga\\src\\data\\supabaseClient.ts","statementMap":{"0":{"start":{"line":5,"column":20},"end":{"line":5,"column":56}},"1":{"start":{"line":6,"column":24},"end":{"line":6,"column":65}},"2":{"start":{"line":8,"column":0},"end":{"line":12,"column":1}},"3":{"start":{"line":9,"column":2},"end":{"line":11,"column":4}},"4":{"start":{"line":18,"column":24},"end":{"line":25,"column":2}}},"fnMap":{},"branchMap":{"0":{"loc":{"start":{"line":8,"column":0},"end":{"line":12,"column":1}},"type":"if","locations":[{"start":{"line":8,"column":0},"end":{"line":12,"column":1}},{"start":{},"end":{}}],"line":8},"1":{"loc":{"start":{"line":8,"column":4},"end":{"line":8,"column":36}},"type":"binary-expr","locations":[{"start":{"line":8,"column":4},"end":{"line":8,"column":16}},{"start":{"line":8,"column":20},"end":{"line":8,"column":36}}],"line":8}},"s":{"0":0,"1":0,"2":0,"3":0,"4":0},"f":{},"b":{"0":[0,0],"1":[0,0]}}
,"C:\\Users\\Youcanprint1\\Desktop\\AI\\primariga\\src\\data\\repositories\\SupabaseBookRepository.ts": {"path":"C:\\Users\\Youcanprint1\\Desktop\\AI\\primariga\\src\\data\\repositories\\SupabaseBookRepository.ts","statementMap":{"0":{"start":{"line":8,"column":4},"end":{"line":20,"column":6}},"1":{"start":{"line":24,"column":16},"end":{"line":27,"column":17}},"2":{"start":{"line":29,"column":4},"end":{"line":31,"column":5}},"3":{"start":{"line":30,"column":6},"end":{"line":30,"column":69}},"4":{"start":{"line":33,"column":28},"end":{"line":33,"column":39}},"5":{"start":{"line":35,"column":4},"end":{"line":37,"column":5}},"6":{"start":{"line":36,"column":6},"end":{"line":36,"column":18}},"7":{"start":{"line":40,"column":24},"end":{"line":40,"column":63}},"8":{"start":{"line":41,"column":4},"end":{"line":41,"column":45}},"9":{"start":{"line":45,"column":28},"end":{"line":49,"column":15}},"10":{"start":{"line":51,"column":4},"end":{"line":53,"column":5}},"11":{"start":{"line":52,"column":6},"end":{"line":52,"column":18}},"12":{"start":{"line":55,"column":4},"end":{"line":55,"column":32}},"13":{"start":{"line":59,"column":28},"end":{"line":63,"column":15}},"14":{"start":{"line":65,"column":4},"end":{"line":67,"column":5}},"15":{"start":{"line":66,"column":6},"end":{"line":66,"column":18}},"16":{"start":{"line":69,"column":4},"end":{"line":75,"column":6}},"17":{"start":{"line":79,"column":28},"end":{"line":83,"column":19}},"18":{"start":{"line":85,"column":4},"end":{"line":87,"column":5}},"19":{"start":{"line":86,"column":6},"end":{"line":86,"column":16}},"20":{"start":{"line":89,"column":4},"end":{"line":89,"column":47}},"21":{"start":{"line":93,"column":28},"end":{"line":97,"column":19}},"22":{"start":{"line":99,"column":4},"end":{"line":101,"column":5}},"23":{"start":{"line":100,"column":6},"end":{"line":100,"column":16}},"24":{"start":{"line":103,"column":4},"end":{"line":103,"column":47}},"25":{"start":{"line":107,"column":28},"end":{"line":111,"column":19}},"26":{"start":{"line":113,"column":4},"end":{"line":115,"column":5}},"27":{"start":{"line":114,"column":6},"end":{"line":114,"column":16}},"28":{"start":{"line":117,"column":4},"end":{"line":117,"column":47}},"29":{"start":{"line":123,"column":28},"end":{"line":126,"column":19}},"30":{"start":{"line":128,"column":4},"end":{"line":130,"column":5}},"31":{"start":{"line":129,"column":6},"end":{"line":129,"column":16}},"32":{"start":{"line":132,"column":4},"end":{"line":132,"column":47}},"33":{"start":{"line":136,"column":4},"end":{"line":136,"column":40}},"34":{"start":{"line":136,"column":30},"end":{"line":136,"column":40}},"35":{"start":{"line":138,"column":28},"end":{"line":141,"column":24}},"36":{"start":{"line":143,"column":4},"end":{"line":145,"column":5}},"37":{"start":{"line":144,"column":6},"end":{"line":144,"column":16}},"38":{"start":{"line":147,"column":4},"end":{"line":147,"column":47}},"39":{"start":{"line":151,"column":16},"end":{"line":151,"column":50}},"40":{"start":{"line":154,"column":4},"end":{"line":156,"column":5}},"41":{"start":{"line":155,"column":6},"end":{"line":155,"column":55}},"42":{"start":{"line":158,"column":4},"end":{"line":160,"column":5}},"43":{"start":{"line":159,"column":6},"end":{"line":159,"column":53}},"44":{"start":{"line":162,"column":4},"end":{"line":164,"column":5}},"45":{"start":{"line":163,"column":6},"end":{"line":163,"column":41}},"46":{"start":{"line":166,"column":4},"end":{"line":168,"column":5}},"47":{"start":{"line":167,"column":6},"end":{"line":167,"column":86}},"48":{"start":{"line":170,"column":28},"end":{"line":170,"column":81}},"49":{"start":{"line":172,"column":4},"end":{"line":174,"column":5}},"50":{"start":{"line":173,"column":6},"end":{"line":173,"column":16}},"51":{"start":{"line":176,"column":4},"end":{"line":176,"column":47}},"52":{"start":{"line":180,"column":22},"end":{"line":180,"column":84}},"53":{"start":{"line":182,"column":4},"end":{"line":184,"column":5}},"54":{"start":{"line":183,"column":6},"end":{"line":183,"column":61}},"55":{"start":{"line":188,"column":22},"end":{"line":188,"column":85}},"56":{"start":{"line":190,"column":4},"end":{"line":192,"column":5}},"57":{"start":{"line":191,"column":6},"end":{"line":191,"column":62}}},"fnMap":{"0":{"name":"(anonymous_0)","decl":{"start":{"line":7,"column":2},"end":{"line":7,"column":3}},"loc":{"start":{"line":7,"column":41},"end":{"line":21,"column":3}},"line":7},"1":{"name":"(anonymous_1)","decl":{"start":{"line":23,"column":2},"end":{"line":23,"column":3}},"loc":{"start":{"line":23,"column":71},"end":{"line":42,"column":3}},"line":23},"2":{"name":"(anonymous_2)","decl":{"start":{"line":44,"column":2},"end":{"line":44,"column":3}},"loc":{"start":{"line":44,"column":58},"end":{"line":56,"column":3}},"line":44},"3":{"name":"(anonymous_3)","decl":{"start":{"line":58,"column":2},"end":{"line":58,"column":3}},"loc":{"start":{"line":58,"column":62},"end":{"line":76,"column":3}},"line":58},"4":{"name":"(anonymous_4)","decl":{"start":{"line":78,"column":2},"end":{"line":78,"column":3}},"loc":{"start":{"line":78,"column":95},"end":{"line":90,"column":3}},"line":78},"5":{"name":"(anonymous_5)","decl":{"start":{"line":92,"column":2},"end":{"line":92,"column":3}},"loc":{"start":{"line":92,"column":76},"end":{"line":104,"column":3}},"line":92},"6":{"name":"(anonymous_6)","decl":{"start":{"line":106,"column":2},"end":{"line":106,"column":3}},"loc":{"start":{"line":106,"column":78},"end":{"line":118,"column":3}},"line":106},"7":{"name":"(anonymous_7)","decl":{"start":{"line":120,"column":2},"end":{"line":120,"column":3}},"loc":{"start":{"line":120,"column":81},"end":{"line":133,"column":3}},"line":120},"8":{"name":"(anonymous_8)","decl":{"start":{"line":135,"column":2},"end":{"line":135,"column":3}},"loc":{"start":{"line":135,"column":58},"end":{"line":148,"column":3}},"line":135},"9":{"name":"(anonymous_9)","decl":{"start":{"line":150,"column":2},"end":{"line":150,"column":3}},"loc":{"start":{"line":150,"column":57},"end":{"line":177,"column":3}},"line":150},"10":{"name":"(anonymous_10)","decl":{"start":{"line":179,"column":2},"end":{"line":179,"column":3}},"loc":{"start":{"line":179,"column":58},"end":{"line":185,"column":3}},"line":179},"11":{"name":"(anonymous_11)","decl":{"start":{"line":187,"column":2},"end":{"line":187,"column":3}},"loc":{"start":{"line":187,"column":59},"end":{"line":193,"column":3}},"line":187}},"branchMap":{"0":{"loc":{"start":{"line":12,"column":14},"end":{"line":12,"column":35}},"type":"binary-expr","locations":[{"start":{"line":12,"column":14},"end":{"line":12,"column":29}},{"start":{"line":12,"column":33},"end":{"line":12,"column":35}}],"line":12},"1":{"loc":{"start":{"line":13,"column":16},"end":{"line":13,"column":41}},"type":"binary-expr","locations":[{"start":{"line":13,"column":16},"end":{"line":13,"column":33}},{"start":{"line":13,"column":37},"end":{"line":13,"column":41}}],"line":13},"2":{"loc":{"start":{"line":14,"column":12},"end":{"line":14,"column":38}},"type":"binary-expr","locations":[{"start":{"line":14,"column":12},"end":{"line":14,"column":25}},{"start":{"line":14,"column":29},"end":{"line":14,"column":38}}],"line":14},"3":{"loc":{"start":{"line":15,"column":23},"end":{"line":15,"column":61}},"type":"binary-expr","locations":[{"start":{"line":15,"column":23},"end":{"line":15,"column":48}},{"start":{"line":15,"column":52},"end":{"line":15,"column":61}}],"line":15},"4":{"loc":{"start":{"line":16,"column":21},"end":{"line":16,"column":58}},"type":"binary-expr","locations":[{"start":{"line":16,"column":21},"end":{"line":16,"column":45}},{"start":{"line":16,"column":49},"end":{"line":16,"column":58}}],"line":16},"5":{"loc":{"start":{"line":17,"column":19},"end":{"line":17,"column":52}},"type":"binary-expr","locations":[{"start":{"line":17,"column":19},"end":{"line":17,"column":39}},{"start":{"line":17,"column":43},"end":{"line":17,"column":52}}],"line":17},"6":{"loc":{"start":{"line":29,"column":4},"end":{"line":31,"column":5}},"type":"if","locations":[{"start":{"line":29,"column":4},"end":{"line":31,"column":5}},{"start":{},"end":{}}],"line":29},"7":{"loc":{"start":{"line":29,"column":8},"end":{"line":29,"column":51}},"type":"binary-expr","locations":[{"start":{"line":29,"column":8},"end":{"line":29,"column":22}},{"start":{"line":29,"column":26},"end":{"line":29,"column":51}}],"line":29},"8":{"loc":{"start":{"line":35,"column":4},"end":{"line":37,"column":5}},"type":"if","locations":[{"start":{"line":35,"column":4},"end":{"line":37,"column":5}},{"start":{},"end":{}}],"line":35},"9":{"loc":{"start":{"line":35,"column":8},"end":{"line":35,"column":43}},"type":"binary-expr","locations":[{"start":{"line":35,"column":8},"end":{"line":35,"column":13}},{"start":{"line":35,"column":17},"end":{"line":35,"column":22}},{"start":{"line":35,"column":26},"end":{"line":35,"column":43}}],"line":35},"10":{"loc":{"start":{"line":51,"column":4},"end":{"line":53,"column":5}},"type":"if","locations":[{"start":{"line":51,"column":4},"end":{"line":53,"column":5}},{"start":{},"end":{}}],"line":51},"11":{"loc":{"start":{"line":51,"column":8},"end":{"line":51,"column":22}},"type":"binary-expr","locations":[{"start":{"line":51,"column":8},"end":{"line":51,"column":13}},{"start":{"line":51,"column":17},"end":{"line":51,"column":22}}],"line":51},"12":{"loc":{"start":{"line":65,"column":4},"end":{"line":67,"column":5}},"type":"if","locations":[{"start":{"line":65,"column":4},"end":{"line":67,"column":5}},{"start":{},"end":{}}],"line":65},"13":{"loc":{"start":{"line":65,"column":8},"end":{"line":65,"column":22}},"type":"binary-expr","locations":[{"start":{"line":65,"column":8},"end":{"line":65,"column":13}},{"start":{"line":65,"column":17},"end":{"line":65,"column":22}}],"line":65},"14":{"loc":{"start":{"line":78,"column":58},"end":{"line":78,"column":76}},"type":"default-arg","locations":[{"start":{"line":78,"column":74},"end":{"line":78,"column":76}}],"line":78},"15":{"loc":{"start":{"line":85,"column":4},"end":{"line":87,"column":5}},"type":"if","locations":[{"start":{"line":85,"column":4},"end":{"line":87,"column":5}},{"start":{},"end":{}}],"line":85},"16":{"loc":{"start":{"line":85,"column":8},"end":{"line":85,"column":22}},"type":"binary-expr","locations":[{"start":{"line":85,"column":8},"end":{"line":85,"column":13}},{"start":{"line":85,"column":17},"end":{"line":85,"column":22}}],"line":85},"17":{"loc":{"start":{"line":92,"column":39},"end":{"line":92,"column":57}},"type":"default-arg","locations":[{"start":{"line":92,"column":55},"end":{"line":92,"column":57}}],"line":92},"18":{"loc":{"start":{"line":99,"column":4},"end":{"line":101,"column":5}},"type":"if","locations":[{"start":{"line":99,"column":4},"end":{"line":101,"column":5}},{"start":{},"end":{}}],"line":99},"19":{"loc":{"start":{"line":99,"column":8},"end":{"line":99,"column":22}},"type":"binary-expr","locations":[{"start":{"line":99,"column":8},"end":{"line":99,"column":13}},{"start":{"line":99,"column":17},"end":{"line":99,"column":22}}],"line":99},"20":{"loc":{"start":{"line":106,"column":41},"end":{"line":106,"column":59}},"type":"default-arg","locations":[{"start":{"line":106,"column":57},"end":{"line":106,"column":59}}],"line":106},"21":{"loc":{"start":{"line":113,"column":4},"end":{"line":115,"column":5}},"type":"if","locations":[{"start":{"line":113,"column":4},"end":{"line":115,"column":5}},{"start":{},"end":{}}],"line":113},"22":{"loc":{"start":{"line":113,"column":8},"end":{"line":113,"column":22}},"type":"binary-expr","locations":[{"start":{"line":113,"column":8},"end":{"line":113,"column":13}},{"start":{"line":113,"column":17},"end":{"line":113,"column":22}}],"line":113},"23":{"loc":{"start":{"line":120,"column":44},"end":{"line":120,"column":62}},"type":"default-arg","locations":[{"start":{"line":120,"column":60},"end":{"line":120,"column":62}}],"line":120},"24":{"loc":{"start":{"line":128,"column":4},"end":{"line":130,"column":5}},"type":"if","locations":[{"start":{"line":128,"column":4},"end":{"line":130,"column":5}},{"start":{},"end":{}}],"line":128},"25":{"loc":{"start":{"line":128,"column":8},"end":{"line":128,"column":22}},"type":"binary-expr","locations":[{"start":{"line":128,"column":8},"end":{"line":128,"column":13}},{"start":{"line":128,"column":17},"end":{"line":128,"column":22}}],"line":128},"26":{"loc":{"start":{"line":136,"column":4},"end":{"line":136,"column":40}},"type":"if","locations":[{"start":{"line":136,"column":4},"end":{"line":136,"column":40}},{"start":{},"end":{}}],"line":136},"27":{"loc":{"start":{"line":143,"column":4},"end":{"line":145,"column":5}},"type":"if","locations":[{"start":{"line":143,"column":4},"end":{"line":145,"column":5}},{"start":{},"end":{}}],"line":143},"28":{"loc":{"start":{"line":143,"column":8},"end":{"line":143,"column":22}},"type":"binary-expr","locations":[{"start":{"line":143,"column":8},"end":{"line":143,"column":13}},{"start":{"line":143,"column":17},"end":{"line":143,"column":22}}],"line":143},"29":{"loc":{"start":{"line":154,"column":4},"end":{"line":156,"column":5}},"type":"if","locations":[{"start":{"line":154,"column":4},"end":{"line":156,"column":5}},{"start":{},"end":{}}],"line":154},"30":{"loc":{"start":{"line":154,"column":8},"end":{"line":154,"column":52}},"type":"binary-expr","locations":[{"start":{"line":154,"column":8},"end":{"line":154,"column":23}},{"start":{"line":154,"column":27},"end":{"line":154,"column":52}}],"line":154},"31":{"loc":{"start":{"line":158,"column":4},"end":{"line":160,"column":5}},"type":"if","locations":[{"start":{"line":158,"column":4},"end":{"line":160,"column":5}},{"start":{},"end":{}}],"line":158},"32":{"loc":{"start":{"line":162,"column":4},"end":{"line":164,"column":5}},"type":"if","locations":[{"start":{"line":162,"column":4},"end":{"line":164,"column":5}},{"start":{},"end":{}}],"line":162},"33":{"loc":{"start":{"line":166,"column":4},"end":{"line":168,"column":5}},"type":"if","locations":[{"start":{"line":166,"column":4},"end":{"line":168,"column":5}},{"start":{},"end":{}}],"line":166},"34":{"loc":{"start":{"line":167,"column":60},"end":{"line":167,"column":79}},"type":"binary-expr","locations":[{"start":{"line":167,"column":60},"end":{"line":167,"column":73}},{"start":{"line":167,"column":77},"end":{"line":167,"column":79}}],"line":167},"35":{"loc":{"start":{"line":172,"column":4},"end":{"line":174,"column":5}},"type":"if","locations":[{"start":{"line":172,"column":4},"end":{"line":174,"column":5}},{"start":{},"end":{}}],"line":172},"36":{"loc":{"start":{"line":172,"column":8},"end":{"line":172,"column":22}},"type":"binary-expr","locations":[{"start":{"line":172,"column":8},"end":{"line":172,"column":13}},{"start":{"line":172,"column":17},"end":{"line":172,"column":22}}],"line":172},"37":{"loc":{"start":{"line":182,"column":4},"end":{"line":184,"column":5}},"type":"if","locations":[{"start":{"line":182,"column":4},"end":{"line":184,"column":5}},{"start":{},"end":{}}],"line":182},"38":{"loc":{"start":{"line":190,"column":4},"end":{"line":192,"column":5}},"type":"if","locations":[{"start":{"line":190,"column":4},"end":{"line":192,"column":5}},{"start":{},"end":{}}],"line":190}},"s":{"0":1,"1":0,"2":0,"3":0,"4":0,"5":0,"6":0,"7":0,"8":0,"9":2,"10":2,"11":1,"12":1,"13":2,"14":2,"15":1,"16":1,"17":0,"18":0,"19":0,"20":0,"21":0,"22":0,"23":0,"24":0,"25":0,"26":0,"27":0,"28":0,"29":0,"30":0,"31":0,"32":0,"33":0,"34":0,"35":0,"36":0,"37":0,"38":0,"39":0,"40":0,"41":0,"42":0,"43":0,"44":0,"45":0,"46":0,"47":0,"48":0,"49":0,"50":0,"51":0,"52":0,"53":0,"54":0,"55":0,"56":0,"57":0},"f":{"0":1,"1":0,"2":2,"3":2,"4":0,"5":0,"6":0,"7":0,"8":0,"9":0,"10":0,"11":0},"b":{"0":[1,1],"1":[1,0],"2":[1,1],"3":[1,1],"4":[1,1],"5":[1,1],"6":[0,0],"7":[0,0],"8":[0,0],"9":[0,0,0],"10":[1,1],"11":[2,1],"12":[1,1],"13":[2,1],"14":[0],"15":[0,0],"16":[0,0],"17":[0],"18":[0,0],"19":[0,0],"20":[0],"21":[0,0],"22":[0,0],"23":[0],"24":[0,0],"25":[0,0],"26":[0,0],"27":[0,0],"28":[0,0],"29":[0,0],"30":[0,0],"31":[0,0],"32":[0,0],"33":[0,0],"34":[0,0],"35":[0,0],"36":[0,0],"37":[0,0],"38":[0,0]},"_coverageSchema":"1a1c01bbd47fc00a2c39e90264f33305004495a9","hash":"736f5a76a17997c5afb776ae6e9f989f367cfb8b"}
,"C:\\Users\\Youcanprint1\\Desktop\\AI\\primariga\\src\\data\\repositories\\SupabaseReadingHistoryRepository.ts": {"path":"C:\\Users\\Youcanprint1\\Desktop\\AI\\primariga\\src\\data\\repositories\\SupabaseReadingHistoryRepository.ts","statementMap":{"0":{"start":{"line":11,"column":28},"end":{"line":20,"column":15}},"1":{"start":{"line":22,"column":4},"end":{"line":24,"column":5}},"2":{"start":{"line":23,"column":6},"end":{"line":23,"column":75}},"3":{"start":{"line":26,"column":4},"end":{"line":32,"column":6}},"4":{"start":{"line":39,"column":28},"end":{"line":47,"column":15}},"5":{"start":{"line":49,"column":4},"end":{"line":51,"column":5}},"6":{"start":{"line":50,"column":6},"end":{"line":50,"column":68}},"7":{"start":{"line":53,"column":4},"end":{"line":59,"column":6}},"8":{"start":{"line":63,"column":16},"end":{"line":67,"column":45}},"9":{"start":{"line":69,"column":4},"end":{"line":71,"column":5}},"10":{"start":{"line":70,"column":6},"end":{"line":70,"column":33}},"11":{"start":{"line":73,"column":28},"end":{"line":73,"column":39}},"12":{"start":{"line":75,"column":4},"end":{"line":77,"column":5}},"13":{"start":{"line":76,"column":6},"end":{"line":76,"column":16}},"14":{"start":{"line":79,"column":4},"end":{"line":85,"column":8}},"15":{"start":{"line":79,"column":29},"end":{"line":85,"column":5}},"16":{"start":{"line":89,"column":4},"end":{"line":89,"column":43}},"17":{"start":{"line":93,"column":29},"end":{"line":96,"column":28}},"18":{"start":{"line":98,"column":4},"end":{"line":98,"column":36}},"19":{"start":{"line":104,"column":4},"end":{"line":104,"column":13}},"20":{"start":{"line":108,"column":28},"end":{"line":114,"column":15}},"21":{"start":{"line":116,"column":4},"end":{"line":118,"column":5}},"22":{"start":{"line":117,"column":6},"end":{"line":117,"column":18}},"23":{"start":{"line":120,"column":4},"end":{"line":120,"column":34}},"24":{"start":{"line":129,"column":28},"end":{"line":133,"column":45}},"25":{"start":{"line":135,"column":4},"end":{"line":142,"column":5}},"26":{"start":{"line":136,"column":6},"end":{"line":141,"column":8}},"27":{"start":{"line":144,"column":22},"end":{"line":144,"column":87}},"28":{"start":{"line":144,"column":49},"end":{"line":144,"column":83}},"29":{"start":{"line":145,"column":25},"end":{"line":151,"column":7}},"30":{"start":{"line":145,"column":56},"end":{"line":151,"column":5}},"31":{"start":{"line":153,"column":4},"end":{"line":158,"column":6}},"32":{"start":{"line":162,"column":28},"end":{"line":168,"column":15}},"33":{"start":{"line":170,"column":4},"end":{"line":170,"column":28}}},"fnMap":{"0":{"name":"(anonymous_0)","decl":{"start":{"line":6,"column":2},"end":{"line":6,"column":3}},"loc":{"start":{"line":10,"column":29},"end":{"line":33,"column":3}},"line":10},"1":{"name":"(anonymous_1)","decl":{"start":{"line":35,"column":2},"end":{"line":35,"column":3}},"loc":{"start":{"line":35,"column":82},"end":{"line":60,"column":3}},"line":35},"2":{"name":"(anonymous_2)","decl":{"start":{"line":62,"column":2},"end":{"line":62,"column":3}},"loc":{"start":{"line":62,"column":79},"end":{"line":86,"column":3}},"line":62},"3":{"name":"(anonymous_3)","decl":{"start":{"line":79,"column":20},"end":{"line":79,"column":21}},"loc":{"start":{"line":79,"column":29},"end":{"line":85,"column":5}},"line":79},"4":{"name":"(anonymous_4)","decl":{"start":{"line":88,"column":2},"end":{"line":88,"column":3}},"loc":{"start":{"line":88,"column":89},"end":{"line":90,"column":3}},"line":88},"5":{"name":"(anonymous_5)","decl":{"start":{"line":92,"column":2},"end":{"line":92,"column":3}},"loc":{"start":{"line":92,"column":58},"end":{"line":99,"column":3}},"line":92},"6":{"name":"(anonymous_6)","decl":{"start":{"line":101,"column":2},"end":{"line":101,"column":3}},"loc":{"start":{"line":101,"column":62},"end":{"line":105,"column":3}},"line":101},"7":{"name":"(anonymous_7)","decl":{"start":{"line":107,"column":2},"end":{"line":107,"column":3}},"loc":{"start":{"line":107,"column":62},"end":{"line":121,"column":3}},"line":107},"8":{"name":"(anonymous_8)","decl":{"start":{"line":123,"column":2},"end":{"line":123,"column":3}},"loc":{"start":{"line":128,"column":5},"end":{"line":159,"column":3}},"line":128},"9":{"name":"(anonymous_9)","decl":{"start":{"line":144,"column":34},"end":{"line":144,"column":35}},"loc":{"start":{"line":144,"column":49},"end":{"line":144,"column":83}},"line":144},"10":{"name":"(anonymous_10)","decl":{"start":{"line":145,"column":47},"end":{"line":145,"column":48}},"loc":{"start":{"line":145,"column":56},"end":{"line":151,"column":5}},"line":145},"11":{"name":"(anonymous_11)","decl":{"start":{"line":161,"column":2},"end":{"line":161,"column":3}},"loc":{"start":{"line":161,"column":70},"end":{"line":171,"column":3}},"line":161}},"branchMap":{"0":{"loc":{"start":{"line":22,"column":4},"end":{"line":24,"column":5}},"type":"if","locations":[{"start":{"line":22,"column":4},"end":{"line":24,"column":5}},{"start":{},"end":{}}],"line":22},"1":{"loc":{"start":{"line":22,"column":8},"end":{"line":22,"column":22}},"type":"binary-expr","locations":[{"start":{"line":22,"column":8},"end":{"line":22,"column":13}},{"start":{"line":22,"column":17},"end":{"line":22,"column":22}}],"line":22},"2":{"loc":{"start":{"line":31,"column":30},"end":{"line":31,"column":64}},"type":"binary-expr","locations":[{"start":{"line":31,"column":30},"end":{"line":31,"column":51}},{"start":{"line":31,"column":55},"end":{"line":31,"column":64}}],"line":31},"3":{"loc":{"start":{"line":49,"column":4},"end":{"line":51,"column":5}},"type":"if","locations":[{"start":{"line":49,"column":4},"end":{"line":51,"column":5}},{"start":{},"end":{}}],"line":49},"4":{"loc":{"start":{"line":49,"column":8},"end":{"line":49,"column":22}},"type":"binary-expr","locations":[{"start":{"line":49,"column":8},"end":{"line":49,"column":13}},{"start":{"line":49,"column":17},"end":{"line":49,"column":22}}],"line":49},"5":{"loc":{"start":{"line":58,"column":30},"end":{"line":58,"column":64}},"type":"binary-expr","locations":[{"start":{"line":58,"column":30},"end":{"line":58,"column":51}},{"start":{"line":58,"column":55},"end":{"line":58,"column":64}}],"line":58},"6":{"loc":{"start":{"line":69,"column":4},"end":{"line":71,"column":5}},"type":"if","locations":[{"start":{"line":69,"column":4},"end":{"line":71,"column":5}},{"start":{},"end":{}}],"line":69},"7":{"loc":{"start":{"line":75,"column":4},"end":{"line":77,"column":5}},"type":"if","locations":[{"start":{"line":75,"column":4},"end":{"line":77,"column":5}},{"start":{},"end":{}}],"line":75},"8":{"loc":{"start":{"line":75,"column":8},"end":{"line":75,"column":22}},"type":"binary-expr","locations":[{"start":{"line":75,"column":8},"end":{"line":75,"column":13}},{"start":{"line":75,"column":17},"end":{"line":75,"column":22}}],"line":75},"9":{"loc":{"start":{"line":84,"column":30},"end":{"line":84,"column":64}},"type":"binary-expr","locations":[{"start":{"line":84,"column":30},"end":{"line":84,"column":51}},{"start":{"line":84,"column":55},"end":{"line":84,"column":64}}],"line":84},"10":{"loc":{"start":{"line":98,"column":11},"end":{"line":98,"column":35}},"type":"cond-expr","locations":[{"start":{"line":98,"column":19},"end":{"line":98,"column":20}},{"start":{"line":98,"column":24},"end":{"line":98,"column":34}}],"line":98},"11":{"loc":{"start":{"line":98,"column":24},"end":{"line":98,"column":34}},"type":"binary-expr","locations":[{"start":{"line":98,"column":24},"end":{"line":98,"column":29}},{"start":{"line":98,"column":33},"end":{"line":98,"column":34}}],"line":98},"12":{"loc":{"start":{"line":116,"column":4},"end":{"line":118,"column":5}},"type":"if","locations":[{"start":{"line":116,"column":4},"end":{"line":118,"column":5}},{"start":{},"end":{}}],"line":116},"13":{"loc":{"start":{"line":116,"column":8},"end":{"line":116,"column":22}},"type":"binary-expr","locations":[{"start":{"line":116,"column":8},"end":{"line":116,"column":13}},{"start":{"line":116,"column":17},"end":{"line":116,"column":22}}],"line":116},"14":{"loc":{"start":{"line":135,"column":4},"end":{"line":142,"column":5}},"type":"if","locations":[{"start":{"line":135,"column":4},"end":{"line":142,"column":5}},{"start":{},"end":{}}],"line":135},"15":{"loc":{"start":{"line":135,"column":8},"end":{"line":135,"column":22}},"type":"binary-expr","locations":[{"start":{"line":135,"column":8},"end":{"line":135,"column":13}},{"start":{"line":135,"column":17},"end":{"line":135,"column":22}}],"line":135},"16":{"loc":{"start":{"line":144,"column":56},"end":{"line":144,"column":82}},"type":"binary-expr","locations":[{"start":{"line":144,"column":56},"end":{"line":144,"column":77}},{"start":{"line":144,"column":81},"end":{"line":144,"column":82}}],"line":144},"17":{"loc":{"start":{"line":150,"column":30},"end":{"line":150,"column":64}},"type":"binary-expr","locations":[{"start":{"line":150,"column":30},"end":{"line":150,"column":51}},{"start":{"line":150,"column":55},"end":{"line":150,"column":64}}],"line":150},"18":{"loc":{"start":{"line":156,"column":33},"end":{"line":156,"column":78}},"type":"cond-expr","locations":[{"start":{"line":156,"column":51},"end":{"line":156,"column":74}},{"start":{"line":156,"column":77},"end":{"line":156,"column":78}}],"line":156},"19":{"loc":{"start":{"line":170,"column":11},"end":{"line":170,"column":27}},"type":"binary-expr","locations":[{"start":{"line":170,"column":11},"end":{"line":170,"column":17}},{"start":{"line":170,"column":21},"end":{"line":170,"column":27}}],"line":170}},"s":{"0":0,"1":0,"2":0,"3":0,"4":0,"5":0,"6":0,"7":0,"8":0,"9":0,"10":0,"11":0,"12":0,"13":0,"14":0,"15":0,"16":0,"17":0,"18":0,"19":0,"20":0,"21":0,"22":0,"23":0,"24":0,"25":0,"26":0,"27":0,"28":0,"29":0,"30":0,"31":0,"32":0,"33":0},"f":{"0":0,"1":0,"2":0,"3":0,"4":0,"5":0,"6":0,"7":0,"8":0,"9":0,"10":0,"11":0},"b":{"0":[0,0],"1":[0,0],"2":[0,0],"3":[0,0],"4":[0,0],"5":[0,0],"6":[0,0],"7":[0,0],"8":[0,0],"9":[0,0],"10":[0,0],"11":[0,0],"12":[0,0],"13":[0,0],"14":[0,0],"15":[0,0],"16":[0,0],"17":[0,0],"18":[0,0],"19":[0,0]}}
,"C:\\Users\\Youcanprint1\\Desktop\\AI\\primariga\\src\\data\\repositories\\SupabaseUserInteractionRepository.ts": {"path":"C:\\Users\\Youcanprint1\\Desktop\\AI\\primariga\\src\\data\\repositories\\SupabaseUserInteractionRepository.ts","statementMap":{"0":{"start":{"line":11,"column":28},"end":{"line":22,"column":15}},"1":{"start":{"line":24,"column":4},"end":{"line":26,"column":5}},"2":{"start":{"line":25,"column":6},"end":{"line":25,"column":71}},"3":{"start":{"line":28,"column":4},"end":{"line":34,"column":6}},"4":{"start":{"line":38,"column":28},"end":{"line":43,"column":15}},"5":{"start":{"line":45,"column":4},"end":{"line":47,"column":5}},"6":{"start":{"line":46,"column":6},"end":{"line":46,"column":18}},"7":{"start":{"line":49,"column":4},"end":{"line":55,"column":6}},"8":{"start":{"line":59,"column":16},"end":{"line":62,"column":28}},"9":{"start":{"line":64,"column":4},"end":{"line":66,"column":5}},"10":{"start":{"line":65,"column":6},"end":{"line":65,"column":60}},"11":{"start":{"line":68,"column":28},"end":{"line":68,"column":39}},"12":{"start":{"line":70,"column":4},"end":{"line":72,"column":5}},"13":{"start":{"line":71,"column":6},"end":{"line":71,"column":16}},"14":{"start":{"line":74,"column":4},"end":{"line":80,"column":8}},"15":{"start":{"line":74,"column":29},"end":{"line":80,"column":5}},"16":{"start":{"line":84,"column":28},"end":{"line":89,"column":48}},"17":{"start":{"line":91,"column":4},"end":{"line":93,"column":5}},"18":{"start":{"line":92,"column":6},"end":{"line":92,"column":16}},"19":{"start":{"line":95,"column":4},"end":{"line":95,"column":42}},"20":{"start":{"line":95,"column":28},"end":{"line":95,"column":40}},"21":{"start":{"line":99,"column":28},"end":{"line":103,"column":55}},"22":{"start":{"line":105,"column":4},"end":{"line":107,"column":5}},"23":{"start":{"line":106,"column":6},"end":{"line":106,"column":16}},"24":{"start":{"line":109,"column":4},"end":{"line":109,"column":42}},"25":{"start":{"line":109,"column":28},"end":{"line":109,"column":40}},"26":{"start":{"line":113,"column":4},"end":{"line":117,"column":29}},"27":{"start":{"line":121,"column":22},"end":{"line":125,"column":28}},"28":{"start":{"line":127,"column":4},"end":{"line":127,"column":18}}},"fnMap":{"0":{"name":"(anonymous_0)","decl":{"start":{"line":6,"column":2},"end":{"line":6,"column":3}},"loc":{"start":{"line":10,"column":30},"end":{"line":35,"column":3}},"line":10},"1":{"name":"(anonymous_1)","decl":{"start":{"line":37,"column":2},"end":{"line":37,"column":3}},"loc":{"start":{"line":37,"column":92},"end":{"line":56,"column":3}},"line":37},"2":{"name":"(anonymous_2)","decl":{"start":{"line":58,"column":2},"end":{"line":58,"column":3}},"loc":{"start":{"line":58,"column":107},"end":{"line":81,"column":3}},"line":58},"3":{"name":"(anonymous_3)","decl":{"start":{"line":74,"column":20},"end":{"line":74,"column":21}},"loc":{"start":{"line":74,"column":29},"end":{"line":80,"column":5}},"line":74},"4":{"name":"(anonymous_4)","decl":{"start":{"line":83,"column":2},"end":{"line":83,"column":3}},"loc":{"start":{"line":83,"column":57},"end":{"line":96,"column":3}},"line":83},"5":{"name":"(anonymous_5)","decl":{"start":{"line":95,"column":20},"end":{"line":95,"column":21}},"loc":{"start":{"line":95,"column":28},"end":{"line":95,"column":40}},"line":95},"6":{"name":"(anonymous_6)","decl":{"start":{"line":98,"column":2},"end":{"line":98,"column":3}},"loc":{"start":{"line":98,"column":61},"end":{"line":110,"column":3}},"line":98},"7":{"name":"(anonymous_7)","decl":{"start":{"line":109,"column":20},"end":{"line":109,"column":21}},"loc":{"start":{"line":109,"column":28},"end":{"line":109,"column":40}},"line":109},"8":{"name":"(anonymous_8)","decl":{"start":{"line":112,"column":2},"end":{"line":112,"column":3}},"loc":{"start":{"line":112,"column":73},"end":{"line":118,"column":3}},"line":112},"9":{"name":"(anonymous_9)","decl":{"start":{"line":120,"column":2},"end":{"line":120,"column":3}},"loc":{"start":{"line":120,"column":76},"end":{"line":128,"column":3}},"line":120}},"branchMap":{"0":{"loc":{"start":{"line":24,"column":4},"end":{"line":26,"column":5}},"type":"if","locations":[{"start":{"line":24,"column":4},"end":{"line":26,"column":5}},{"start":{},"end":{}}],"line":24},"1":{"loc":{"start":{"line":24,"column":8},"end":{"line":24,"column":22}},"type":"binary-expr","locations":[{"start":{"line":24,"column":8},"end":{"line":24,"column":13}},{"start":{"line":24,"column":17},"end":{"line":24,"column":22}}],"line":24},"2":{"loc":{"start":{"line":45,"column":4},"end":{"line":47,"column":5}},"type":"if","locations":[{"start":{"line":45,"column":4},"end":{"line":47,"column":5}},{"start":{},"end":{}}],"line":45},"3":{"loc":{"start":{"line":45,"column":8},"end":{"line":45,"column":22}},"type":"binary-expr","locations":[{"start":{"line":45,"column":8},"end":{"line":45,"column":13}},{"start":{"line":45,"column":17},"end":{"line":45,"column":22}}],"line":45},"4":{"loc":{"start":{"line":64,"column":4},"end":{"line":66,"column":5}},"type":"if","locations":[{"start":{"line":64,"column":4},"end":{"line":66,"column":5}},{"start":{},"end":{}}],"line":64},"5":{"loc":{"start":{"line":70,"column":4},"end":{"line":72,"column":5}},"type":"if","locations":[{"start":{"line":70,"column":4},"end":{"line":72,"column":5}},{"start":{},"end":{}}],"line":70},"6":{"loc":{"start":{"line":70,"column":8},"end":{"line":70,"column":22}},"type":"binary-expr","locations":[{"start":{"line":70,"column":8},"end":{"line":70,"column":13}},{"start":{"line":70,"column":17},"end":{"line":70,"column":22}}],"line":70},"7":{"loc":{"start":{"line":91,"column":4},"end":{"line":93,"column":5}},"type":"if","locations":[{"start":{"line":91,"column":4},"end":{"line":93,"column":5}},{"start":{},"end":{}}],"line":91},"8":{"loc":{"start":{"line":91,"column":8},"end":{"line":91,"column":22}},"type":"binary-expr","locations":[{"start":{"line":91,"column":8},"end":{"line":91,"column":13}},{"start":{"line":91,"column":17},"end":{"line":91,"column":22}}],"line":91},"9":{"loc":{"start":{"line":105,"column":4},"end":{"line":107,"column":5}},"type":"if","locations":[{"start":{"line":105,"column":4},"end":{"line":107,"column":5}},{"start":{},"end":{}}],"line":105},"10":{"loc":{"start":{"line":105,"column":8},"end":{"line":105,"column":22}},"type":"binary-expr","locations":[{"start":{"line":105,"column":8},"end":{"line":105,"column":13}},{"start":{"line":105,"column":17},"end":{"line":105,"column":22}}],"line":105}},"s":{"0":0,"1":0,"2":0,"3":0,"4":0,"5":0,"6":0,"7":0,"8":0,"9":0,"10":0,"11":0,"12":0,"13":0,"14":0,"15":0,"16":0,"17":0,"18":0,"19":0,"20":0,"21":0,"22":0,"23":0,"24":0,"25":0,"26":0,"27":0,"28":0},"f":{"0":0,"1":0,"2":0,"3":0,"4":0,"5":0,"6":0,"7":0,"8":0,"9":0},"b":{"0":[0,0],"1":[0,0],"2":[0,0],"3":[0,0],"4":[0,0],"5":[0,0],"6":[0,0],"7":[0,0],"8":[0,0],"9":[0,0],"10":[0,0]}}
,"C:\\Users\\Youcanprint1\\Desktop\\AI\\primariga\\src\\data\\repositories\\SupabaseUserProfileRepository.ts": {"path":"C:\\Users\\Youcanprint1\\Desktop\\AI\\primariga\\src\\data\\repositories\\SupabaseUserProfileRepository.ts","statementMap":{"0":{"start":{"line":7,"column":31},"end":{"line":7,"column":60}},"1":{"start":{"line":9,"column":4},"end":{"line":11,"column":5}},"2":{"start":{"line":10,"column":6},"end":{"line":10,"column":18}},"3":{"start":{"line":13,"column":4},"end":{"line":13,"column":33}},"4":{"start":{"line":17,"column":28},"end":{"line":21,"column":15}},"5":{"start":{"line":23,"column":4},"end":{"line":25,"column":5}},"6":{"start":{"line":24,"column":6},"end":{"line":24,"column":18}},"7":{"start":{"line":27,"column":4},"end":{"line":31,"column":6}},"8":{"start":{"line":35,"column":4},"end":{"line":35,"column":32}},"9":{"start":{"line":39,"column":28},"end":{"line":47,"column":15}},"10":{"start":{"line":49,"column":4},"end":{"line":51,"column":5}},"11":{"start":{"line":50,"column":6},"end":{"line":50,"column":69}},"12":{"start":{"line":53,"column":4},"end":{"line":57,"column":6}},"13":{"start":{"line":61,"column":31},"end":{"line":61,"column":60}},"14":{"start":{"line":63,"column":4},"end":{"line":65,"column":5}},"15":{"start":{"line":64,"column":6},"end":{"line":64,"column":47}},"16":{"start":{"line":67,"column":41},"end":{"line":74,"column":15}},"17":{"start":{"line":76,"column":4},"end":{"line":78,"column":5}},"18":{"start":{"line":77,"column":6},"end":{"line":77,"column":69}},"19":{"start":{"line":80,"column":4},"end":{"line":84,"column":6}},"20":{"start":{"line":89,"column":4},"end":{"line":89,"column":14}}},"fnMap":{"0":{"name":"(anonymous_0)","decl":{"start":{"line":6,"column":2},"end":{"line":6,"column":3}},"loc":{"start":{"line":6,"column":57},"end":{"line":14,"column":3}},"line":6},"1":{"name":"(anonymous_1)","decl":{"start":{"line":16,"column":2},"end":{"line":16,"column":3}},"loc":{"start":{"line":16,"column":61},"end":{"line":32,"column":3}},"line":16},"2":{"name":"(anonymous_2)","decl":{"start":{"line":34,"column":2},"end":{"line":34,"column":3}},"loc":{"start":{"line":34,"column":68},"end":{"line":36,"column":3}},"line":34},"3":{"name":"(anonymous_3)","decl":{"start":{"line":38,"column":2},"end":{"line":38,"column":3}},"loc":{"start":{"line":38,"column":78},"end":{"line":58,"column":3}},"line":38},"4":{"name":"(anonymous_4)","decl":{"start":{"line":60,"column":2},"end":{"line":60,"column":3}},"loc":{"start":{"line":60,"column":112},"end":{"line":85,"column":3}},"line":60},"5":{"name":"(anonymous_5)","decl":{"start":{"line":87,"column":2},"end":{"line":87,"column":3}},"loc":{"start":{"line":87,"column":67},"end":{"line":90,"column":3}},"line":87}},"branchMap":{"0":{"loc":{"start":{"line":9,"column":4},"end":{"line":11,"column":5}},"type":"if","locations":[{"start":{"line":9,"column":4},"end":{"line":11,"column":5}},{"start":{},"end":{}}],"line":9},"1":{"loc":{"start":{"line":23,"column":4},"end":{"line":25,"column":5}},"type":"if","locations":[{"start":{"line":23,"column":4},"end":{"line":25,"column":5}},{"start":{},"end":{}}],"line":23},"2":{"loc":{"start":{"line":23,"column":8},"end":{"line":23,"column":22}},"type":"binary-expr","locations":[{"start":{"line":23,"column":8},"end":{"line":23,"column":13}},{"start":{"line":23,"column":17},"end":{"line":23,"column":22}}],"line":23},"3":{"loc":{"start":{"line":49,"column":4},"end":{"line":51,"column":5}},"type":"if","locations":[{"start":{"line":49,"column":4},"end":{"line":51,"column":5}},{"start":{},"end":{}}],"line":49},"4":{"loc":{"start":{"line":49,"column":8},"end":{"line":49,"column":22}},"type":"binary-expr","locations":[{"start":{"line":49,"column":8},"end":{"line":49,"column":13}},{"start":{"line":49,"column":17},"end":{"line":49,"column":22}}],"line":49},"5":{"loc":{"start":{"line":63,"column":4},"end":{"line":65,"column":5}},"type":"if","locations":[{"start":{"line":63,"column":4},"end":{"line":65,"column":5}},{"start":{},"end":{}}],"line":63},"6":{"loc":{"start":{"line":76,"column":4},"end":{"line":78,"column":5}},"type":"if","locations":[{"start":{"line":76,"column":4},"end":{"line":78,"column":5}},{"start":{},"end":{}}],"line":76},"7":{"loc":{"start":{"line":76,"column":8},"end":{"line":76,"column":29}},"type":"binary-expr","locations":[{"start":{"line":76,"column":8},"end":{"line":76,"column":13}},{"start":{"line":76,"column":17},"end":{"line":76,"column":29}}],"line":76}},"s":{"0":0,"1":0,"2":0,"3":0,"4":0,"5":0,"6":0,"7":0,"8":0,"9":0,"10":0,"11":0,"12":0,"13":0,"14":0,"15":0,"16":0,"17":0,"18":0,"19":0,"20":0},"f":{"0":0,"1":0,"2":0,"3":0,"4":0,"5":0},"b":{"0":[0,0],"1":[0,0],"2":[0,0],"3":[0,0],"4":[0,0],"5":[0,0],"6":[0,0],"7":[0,0]}}
,"C:\\Users\\Youcanprint1\\Desktop\\AI\\primariga\\src\\domain\\entities\\Book.ts": {"path":"C:\\Users\\Youcanprint1\\Desktop\\AI\\primariga\\src\\domain\\entities\\Book.ts","statementMap":{"0":{"start":{"line":45,"column":2},"end":{"line":62,"column":4}}},"fnMap":{"0":{"name":"createBook","decl":{"start":{"line":27,"column":16},"end":{"line":27,"column":26}},"loc":{"start":{"line":44,"column":9},"end":{"line":63,"column":1}},"line":44}},"branchMap":{"0":{"loc":{"start":{"line":49,"column":10},"end":{"line":49,"column":32}},"type":"binary-expr","locations":[{"start":{"line":49,"column":10},"end":{"line":49,"column":19}},{"start":{"line":49,"column":23},"end":{"line":49,"column":32}}],"line":49},"1":{"loc":{"start":{"line":50,"column":19},"end":{"line":50,"column":52}},"type":"binary-expr","locations":[{"start":{"line":50,"column":19},"end":{"line":50,"column":39}},{"start":{"line":50,"column":43},"end":{"line":50,"column":52}}],"line":50},"2":{"loc":{"start":{"line":51,"column":15},"end":{"line":51,"column":42}},"type":"binary-expr","locations":[{"start":{"line":51,"column":15},"end":{"line":51,"column":29}},{"start":{"line":51,"column":33},"end":{"line":51,"column":42}}],"line":51},"3":{"loc":{"start":{"line":52,"column":21},"end":{"line":52,"column":55}},"type":"binary-expr","locations":[{"start":{"line":52,"column":21},"end":{"line":52,"column":42}},{"start":{"line":52,"column":46},"end":{"line":52,"column":55}}],"line":52},"4":{"loc":{"start":{"line":53,"column":12},"end":{"line":53,"column":28}},"type":"binary-expr","locations":[{"start":{"line":53,"column":12},"end":{"line":53,"column":22}},{"start":{"line":53,"column":26},"end":{"line":53,"column":28}}],"line":53},"5":{"loc":{"start":{"line":54,"column":17},"end":{"line":54,"column":46}},"type":"binary-expr","locations":[{"start":{"line":54,"column":17},"end":{"line":54,"column":33}},{"start":{"line":54,"column":37},"end":{"line":54,"column":46}}],"line":54},"6":{"loc":{"start":{"line":55,"column":15},"end":{"line":55,"column":43}},"type":"binary-expr","locations":[{"start":{"line":55,"column":15},"end":{"line":55,"column":30}},{"start":{"line":55,"column":34},"end":{"line":55,"column":43}}],"line":55},"7":{"loc":{"start":{"line":57,"column":16},"end":{"line":57,"column":45}},"type":"binary-expr","locations":[{"start":{"line":57,"column":16},"end":{"line":57,"column":32}},{"start":{"line":57,"column":36},"end":{"line":57,"column":45}}],"line":57},"8":{"loc":{"start":{"line":58,"column":13},"end":{"line":58,"column":39}},"type":"binary-expr","locations":[{"start":{"line":58,"column":13},"end":{"line":58,"column":26}},{"start":{"line":58,"column":30},"end":{"line":58,"column":39}}],"line":58},"9":{"loc":{"start":{"line":59,"column":19},"end":{"line":59,"column":51}},"type":"binary-expr","locations":[{"start":{"line":59,"column":19},"end":{"line":59,"column":38}},{"start":{"line":59,"column":42},"end":{"line":59,"column":51}}],"line":59}},"s":{"0":0},"f":{"0":0},"b":{"0":[0,0],"1":[0,0],"2":[0,0],"3":[0,0],"4":[0,0],"5":[0,0],"6":[0,0],"7":[0,0],"8":[0,0],"9":[0,0]}}
,"C:\\Users\\Youcanprint1\\Desktop\\AI\\primariga\\src\\domain\\entities\\BookLine.ts": {"path":"C:\\Users\\Youcanprint1\\Desktop\\AI\\primariga\\src\\domain\\entities\\BookLine.ts","statementMap":{"0":{"start":{"line":23,"column":2},"end":{"line":29,"column":4}}},"fnMap":{"0":{"name":"createBookLine","decl":{"start":{"line":16,"column":16},"end":{"line":16,"column":30}},"loc":{"start":{"line":22,"column":13},"end":{"line":30,"column":1}},"line":22}},"branchMap":{},"s":{"0":0},"f":{"0":0},"b":{}}
,"C:\\Users\\Youcanprint1\\Desktop\\AI\\primariga\\src\\domain\\entities\\ReadingHistory.ts": {"path":"C:\\Users\\Youcanprint1\\Desktop\\AI\\primariga\\src\\domain\\entities\\ReadingHistory.ts","statementMap":{"0":{"start":{"line":23,"column":2},"end":{"line":29,"column":4}}},"fnMap":{"0":{"name":"createReadingHistory","decl":{"start":{"line":16,"column":16},"end":{"line":16,"column":36}},"loc":{"start":{"line":22,"column":19},"end":{"line":30,"column":1}},"line":22}},"branchMap":{"0":{"loc":{"start":{"line":28,"column":28},"end":{"line":28,"column":70}},"type":"binary-expr","locations":[{"start":{"line":28,"column":28},"end":{"line":28,"column":57}},{"start":{"line":28,"column":61},"end":{"line":28,"column":70}}],"line":28}},"s":{"0":0},"f":{"0":0},"b":{"0":[0,0]}}
,"C:\\Users\\Youcanprint1\\Desktop\\AI\\primariga\\src\\domain\\entities\\UserInteraction.ts": {"path":"C:\\Users\\Youcanprint1\\Desktop\\AI\\primariga\\src\\domain\\entities\\UserInteraction.ts","statementMap":{"0":{"start":{"line":35,"column":2},"end":{"line":41,"column":4}}},"fnMap":{"0":{"name":"createUserInteraction","decl":{"start":{"line":28,"column":16},"end":{"line":28,"column":37}},"loc":{"start":{"line":34,"column":20},"end":{"line":42,"column":1}},"line":34}},"branchMap":{},"s":{"0":0},"f":{"0":0},"b":{}}
,"C:\\Users\\Youcanprint1\\Desktop\\AI\\primariga\\src\\domain\\entities\\UserProfile.ts": {"path":"C:\\Users\\Youcanprint1\\Desktop\\AI\\primariga\\src\\domain\\entities\\UserProfile.ts","statementMap":{"0":{"start":{"line":27,"column":2},"end":{"line":35,"column":4}}},"fnMap":{"0":{"name":"createUserProfile","decl":{"start":{"line":18,"column":16},"end":{"line":18,"column":33}},"loc":{"start":{"line":26,"column":16},"end":{"line":36,"column":1}},"line":26}},"branchMap":{"0":{"loc":{"start":{"line":29,"column":14},"end":{"line":29,"column":40}},"type":"binary-expr","locations":[{"start":{"line":29,"column":14},"end":{"line":29,"column":27}},{"start":{"line":29,"column":31},"end":{"line":29,"column":40}}],"line":29},"1":{"loc":{"start":{"line":30,"column":14},"end":{"line":30,"column":41}},"type":"binary-expr","locations":[{"start":{"line":30,"column":14},"end":{"line":30,"column":28}},{"start":{"line":30,"column":32},"end":{"line":30,"column":41}}],"line":30},"2":{"loc":{"start":{"line":31,"column":15},"end":{"line":31,"column":43}},"type":"binary-expr","locations":[{"start":{"line":31,"column":15},"end":{"line":31,"column":30}},{"start":{"line":31,"column":34},"end":{"line":31,"column":43}}],"line":31},"3":{"loc":{"start":{"line":32,"column":9},"end":{"line":32,"column":30}},"type":"binary-expr","locations":[{"start":{"line":32,"column":9},"end":{"line":32,"column":17}},{"start":{"line":32,"column":21},"end":{"line":32,"column":30}}],"line":32}},"s":{"0":0},"f":{"0":0},"b":{"0":[0,0],"1":[0,0],"2":[0,0],"3":[0,0]}}
,"C:\\Users\\Youcanprint1\\Desktop\\AI\\primariga\\src\\domain\\repositories\\IBookRepository.ts": {"path":"C:\\Users\\Youcanprint1\\Desktop\\AI\\primariga\\src\\domain\\repositories\\IBookRepository.ts","statementMap":{},"fnMap":{},"branchMap":{},"s":{},"f":{},"b":{}}
,"C:\\Users\\Youcanprint1\\Desktop\\AI\\primariga\\src\\domain\\repositories\\IReadingHistoryRepository.ts": {"path":"C:\\Users\\Youcanprint1\\Desktop\\AI\\primariga\\src\\domain\\repositories\\IReadingHistoryRepository.ts","statementMap":{},"fnMap":{},"branchMap":{},"s":{},"f":{},"b":{}}
,"C:\\Users\\Youcanprint1\\Desktop\\AI\\primariga\\src\\domain\\repositories\\IUserInteractionRepository.ts": {"path":"C:\\Users\\Youcanprint1\\Desktop\\AI\\primariga\\src\\domain\\repositories\\IUserInteractionRepository.ts","statementMap":{},"fnMap":{},"branchMap":{},"s":{},"f":{},"b":{}}
,"C:\\Users\\Youcanprint1\\Desktop\\AI\\primariga\\src\\domain\\repositories\\IUserProfileRepository.ts": {"path":"C:\\Users\\Youcanprint1\\Desktop\\AI\\primariga\\src\\domain\\repositories\\IUserProfileRepository.ts","statementMap":{},"fnMap":{},"branchMap":{},"s":{},"f":{},"b":{}}
,"C:\\Users\\Youcanprint1\\Desktop\\AI\\primariga\\src\\domain\\use-cases\\GetOrCreateUserProfile.ts": {"path":"C:\\Users\\Youcanprint1\\Desktop\\AI\\primariga\\src\\domain\\use-cases\\GetOrCreateUserProfile.ts","statementMap":{"0":{"start":{"line":9,"column":18},"end":{"line":9,"column":66}},"1":{"start":{"line":11,"column":4},"end":{"line":17,"column":5}},"2":{"start":{"line":12,"column":6},"end":{"line":16,"column":9}},"3":{"start":{"line":19,"column":4},"end":{"line":19,"column":19}}},"fnMap":{"0":{"name":"(anonymous_0)","decl":{"start":{"line":5,"column":2},"end":{"line":5,"column":3}},"loc":{"start":{"line":5,"column":69},"end":{"line":5,"column":71}},"line":5},"1":{"name":"(anonymous_1)","decl":{"start":{"line":7,"column":2},"end":{"line":7,"column":3}},"loc":{"start":{"line":7,"column":54},"end":{"line":20,"column":3}},"line":7}},"branchMap":{"0":{"loc":{"start":{"line":11,"column":4},"end":{"line":17,"column":5}},"type":"if","locations":[{"start":{"line":11,"column":4},"end":{"line":17,"column":5}},{"start":{},"end":{}}],"line":11}},"s":{"0":0,"1":0,"2":0,"3":0},"f":{"0":0,"1":0},"b":{"0":[0,0]}}
,"C:\\Users\\Youcanprint1\\Desktop\\AI\\primariga\\src\\domain\\use-cases\\GetRandomBook.ts": {"path":"C:\\Users\\Youcanprint1\\Desktop\\AI\\primariga\\src\\domain\\use-cases\\GetRandomBook.ts","statementMap":{"0":{"start":{"line":9,"column":17},"end":{"line":9,"column":72}},"1":{"start":{"line":10,"column":4},"end":{"line":10,"column":16}}},"fnMap":{"0":{"name":"(anonymous_0)","decl":{"start":{"line":5,"column":2},"end":{"line":5,"column":3}},"loc":{"start":{"line":5,"column":55},"end":{"line":5,"column":57}},"line":5},"1":{"name":"(anonymous_1)","decl":{"start":{"line":7,"column":2},"end":{"line":7,"column":3}},"loc":{"start":{"line":7,"column":65},"end":{"line":11,"column":3}},"line":7}},"branchMap":{},"s":{"0":4,"1":3},"f":{"0":4,"1":4},"b":{},"_coverageSchema":"1a1c01bbd47fc00a2c39e90264f33305004495a9","hash":"b5908fe180a8c5f485548718aee879472db530ab"}
,"C:\\Users\\Youcanprint1\\Desktop\\AI\\primariga\\src\\domain\\use-cases\\GetUserReadingHistory.ts": {"path":"C:\\Users\\Youcanprint1\\Desktop\\AI\\primariga\\src\\domain\\use-cases\\GetUserReadingHistory.ts","statementMap":{"0":{"start":{"line":9,"column":20},"end":{"line":9,"column":75}},"1":{"start":{"line":10,"column":4},"end":{"line":10,"column":19}}},"fnMap":{"0":{"name":"(anonymous_0)","decl":{"start":{"line":5,"column":2},"end":{"line":5,"column":3}},"loc":{"start":{"line":5,"column":75},"end":{"line":5,"column":77}},"line":5},"1":{"name":"(anonymous_1)","decl":{"start":{"line":7,"column":2},"end":{"line":7,"column":3}},"loc":{"start":{"line":7,"column":59},"end":{"line":11,"column":3}},"line":7}},"branchMap":{},"s":{"0":0,"1":0},"f":{"0":0,"1":0},"b":{}}
,"C:\\Users\\Youcanprint1\\Desktop\\AI\\primariga\\src\\domain\\use-cases\\SaveUserInteraction.ts": {"path":"C:\\Users\\Youcanprint1\\Desktop\\AI\\primariga\\src\\domain\\use-cases\\SaveUserInteraction.ts","statementMap":{"0":{"start":{"line":13,"column":24},"end":{"line":17,"column":5}},"1":{"start":{"line":18,"column":4},"end":{"line":18,"column":23}}},"fnMap":{"0":{"name":"(anonymous_0)","decl":{"start":{"line":5,"column":2},"end":{"line":5,"column":3}},"loc":{"start":{"line":5,"column":73},"end":{"line":5,"column":75}},"line":5},"1":{"name":"(anonymous_1)","decl":{"start":{"line":7,"column":2},"end":{"line":7,"column":3}},"loc":{"start":{"line":11,"column":30},"end":{"line":19,"column":3}},"line":11}},"branchMap":{},"s":{"0":0,"1":0},"f":{"0":0,"1":0},"b":{}}
,"C:\\Users\\Youcanprint1\\Desktop\\AI\\primariga\\src\\domain\\use-cases\\TrackReading.ts": {"path":"C:\\Users\\Youcanprint1\\Desktop\\AI\\primariga\\src\\domain\\use-cases\\TrackReading.ts","statementMap":{"0":{"start":{"line":12,"column":20},"end":{"line":15,"column":5}},"1":{"start":{"line":16,"column":4},"end":{"line":16,"column":19}}},"fnMap":{"0":{"name":"(anonymous_0)","decl":{"start":{"line":5,"column":2},"end":{"line":5,"column":3}},"loc":{"start":{"line":5,"column":75},"end":{"line":5,"column":77}},"line":5},"1":{"name":"(anonymous_1)","decl":{"start":{"line":7,"column":2},"end":{"line":7,"column":3}},"loc":{"start":{"line":10,"column":29},"end":{"line":17,"column":3}},"line":10}},"branchMap":{},"s":{"0":0,"1":0},"f":{"0":0,"1":0},"b":{}}
,"C:\\Users\\Youcanprint1\\Desktop\\AI\\primariga\\src\\infrastructure\\config\\queryClient.ts": {"path":"C:\\Users\\Youcanprint1\\Desktop\\AI\\primariga\\src\\infrastructure\\config\\queryClient.ts","statementMap":{"0":{"start":{"line":7,"column":27},"end":{"line":28,"column":2}},"1":{"start":{"line":17,"column":36},"end":{"line":17,"column":77}}},"fnMap":{"0":{"name":"(anonymous_0)","decl":{"start":{"line":17,"column":18},"end":{"line":17,"column":19}},"loc":{"start":{"line":17,"column":36},"end":{"line":17,"column":77}},"line":17}},"branchMap":{},"s":{"0":0,"1":0},"f":{"0":0},"b":{}}
,"C:\\Users\\Youcanprint1\\Desktop\\AI\\primariga\\src\\infrastructure\\store\\store.ts": {"path":"C:\\Users\\Youcanprint1\\Desktop\\AI\\primariga\\src\\infrastructure\\store\\store.ts","statementMap":{"0":{"start":{"line":40,"column":27},"end":{"line":79,"column":1}},"1":{"start":{"line":42,"column":14},"end":{"line":65,"column":5}},"2":{"start":{"line":47,"column":8},"end":{"line":47,"column":57}},"3":{"start":{"line":49,"column":8},"end":{"line":49,"column":53}},"4":{"start":{"line":54,"column":29},"end":{"line":54,"column":60}},"5":{"start":{"line":55,"column":33},"end":{"line":55,"column":68}},"6":{"start":{"line":56,"column":26},"end":{"line":56,"column":77}},"7":{"start":{"line":61,"column":8},"end":{"line":63,"column":11}},"8":{"start":{"line":61,"column":24},"end":{"line":63,"column":9}},"9":{"start":{"line":64,"column":28},"end":{"line":64,"column":52}},"10":{"start":{"line":68,"column":39},"end":{"line":68,"column":51}},"11":{"start":{"line":70,"column":30},"end":{"line":76,"column":7}}},"fnMap":{"0":{"name":"(anonymous_0)","decl":{"start":{"line":42,"column":4},"end":{"line":42,"column":5}},"loc":{"start":{"line":42,"column":14},"end":{"line":65,"column":5}},"line":42},"1":{"name":"(anonymous_1)","decl":{"start":{"line":46,"column":15},"end":{"line":46,"column":16}},"loc":{"start":{"line":47,"column":8},"end":{"line":47,"column":57}},"line":47},"2":{"name":"(anonymous_2)","decl":{"start":{"line":48,"column":14},"end":{"line":48,"column":15}},"loc":{"start":{"line":49,"column":8},"end":{"line":49,"column":53}},"line":49},"3":{"name":"(anonymous_3)","decl":{"start":{"line":54,"column":17},"end":{"line":54,"column":18}},"loc":{"start":{"line":54,"column":29},"end":{"line":54,"column":60}},"line":54},"4":{"name":"(anonymous_4)","decl":{"start":{"line":55,"column":19},"end":{"line":55,"column":20}},"loc":{"start":{"line":55,"column":33},"end":{"line":55,"column":68}},"line":55},"5":{"name":"(anonymous_5)","decl":{"start":{"line":56,"column":20},"end":{"line":56,"column":21}},"loc":{"start":{"line":56,"column":26},"end":{"line":56,"column":77}},"line":56},"6":{"name":"(anonymous_6)","decl":{"start":{"line":60,"column":19},"end":{"line":60,"column":20}},"loc":{"start":{"line":61,"column":8},"end":{"line":63,"column":11}},"line":61},"7":{"name":"(anonymous_7)","decl":{"start":{"line":61,"column":12},"end":{"line":61,"column":13}},"loc":{"start":{"line":61,"column":24},"end":{"line":63,"column":9}},"line":61},"8":{"name":"(anonymous_8)","decl":{"start":{"line":64,"column":22},"end":{"line":64,"column":23}},"loc":{"start":{"line":64,"column":28},"end":{"line":64,"column":52}},"line":64},"9":{"name":"(anonymous_9)","decl":{"start":{"line":68,"column":33},"end":{"line":68,"column":34}},"loc":{"start":{"line":68,"column":39},"end":{"line":68,"column":51}},"line":68},"10":{"name":"(anonymous_10)","decl":{"start":{"line":70,"column":18},"end":{"line":70,"column":19}},"loc":{"start":{"line":70,"column":30},"end":{"line":76,"column":7}},"line":70}},"branchMap":{},"s":{"0":0,"1":0,"2":0,"3":0,"4":0,"5":0,"6":0,"7":0,"8":0,"9":0,"10":0,"11":0},"f":{"0":0,"1":0,"2":0,"3":0,"4":0,"5":0,"6":0,"7":0,"8":0,"9":0,"10":0},"b":{}}
[...]
,"C:\\Users\\Youcanprint1\\Desktop\\AI\\primariga\\src\\presentation\\components\\Card.tsx": {"path":"C:\\Users\\Youcanprint1\\Desktop\\AI\\primariga\\src\\presentation\\components\\Card.tsx","statementMap":{"0":{"start":{"line":17,"column":41},"end":{"line":42,"column":1}},"1":{"start":{"line":23,"column":16},"end":{"line":23,"column":26}},"2":{"start":{"line":25,"column":20},"end":{"line":25,"column":51}},"3":{"start":{"line":27,"column":2},"end":{"line":41,"column":4}},"4":{"start":{"line":44,"column":15},"end":{"line":49,"column":2}}},"fnMap":{"0":{"name":"(anonymous_0)","decl":{"start":{"line":17,"column":41},"end":{"line":17,"column":42}},"loc":{"start":{"line":22,"column":6},"end":{"line":42,"column":1}},"line":22}},"branchMap":{"0":{"loc":{"start":{"line":20,"column":2},"end":{"line":20,"column":18}},"type":"default-arg","locations":[{"start":{"line":20,"column":14},"end":{"line":20,"column":18}}],"line":20},"1":{"loc":{"start":{"line":25,"column":20},"end":{"line":25,"column":51}},"type":"cond-expr","locations":[{"start":{"line":25,"column":30},"end":{"line":25,"column":39}},{"start":{"line":25,"column":42},"end":{"line":25,"column":51}}],"line":25}},"s":{"0":0,"1":0,"2":0,"3":0,"4":0},"f":{"0":0},"b":{"0":[0],"1":[0,0]}}
,"C:\\Users\\Youcanprint1\\Desktop\\AI\\primariga\\src\\presentation\\components\\ErrorMessage.tsx": {"path":"C:\\Users\\Youcanprint1\\Desktop\\AI\\primariga\\src\\presentation\\components\\ErrorMessage.tsx","statementMap":{"0":{"start":{"line":17,"column":57},"end":{"line":39,"column":1}},"1":{"start":{"line":22,"column":16},"end":{"line":22,"column":26}},"2":{"start":{"line":24,"column":2},"end":{"line":38,"column":4}},"3":{"start":{"line":41,"column":15},"end":{"line":55,"column":2}}},"fnMap":{"0":{"name":"(anonymous_0)","decl":{"start":{"line":17,"column":57},"end":{"line":17,"column":58}},"loc":{"start":{"line":21,"column":6},"end":{"line":39,"column":1}},"line":21}},"branchMap":{"0":{"loc":{"start":{"line":32,"column":7},"end":{"line":36,"column":7}},"type":"binary-expr","locations":[{"start":{"line":32,"column":7},"end":{"line":32,"column":14}},{"start":{"line":33,"column":8},"end":{"line":35,"column":17}}],"line":32}},"s":{"0":1,"1":4,"2":4,"3":1},"f":{"0":4},"b":{"0":[4,1]},"_coverageSchema":"1a1c01bbd47fc00a2c39e90264f33305004495a9","hash":"d905ad620396d6d2de7dd4fd592f53938831e55c"}
,"C:\\Users\\Youcanprint1\\Desktop\\AI\\primariga\\src\\presentation\\components\\LoadingSpinner.tsx": {"path":"C:\\Users\\Youcanprint1\\Desktop\\AI\\primariga\\src\\presentation\\components\\LoadingSpinner.tsx","statementMap":{"0":{"start":{"line":15,"column":61},"end":{"line":30,"column":1}},"1":{"start":{"line":20,"column":16},"end":{"line":20,"column":26}},"2":{"start":{"line":22,"column":2},"end":{"line":29,"column":4}},"3":{"start":{"line":32,"column":15},"end":{"line":38,"column":2}}},"fnMap":{"0":{"name":"(anonymous_0)","decl":{"start":{"line":15,"column":61},"end":{"line":15,"column":62}},"loc":{"start":{"line":19,"column":6},"end":{"line":30,"column":1}},"line":19}},"branchMap":{"0":{"loc":{"start":{"line":16,"column":2},"end":{"line":16,"column":16}},"type":"default-arg","locations":[{"start":{"line":16,"column":9},"end":{"line":16,"column":16}}],"line":16},"1":{"loc":{"start":{"line":26,"column":15},"end":{"line":26,"column":44}},"type":"binary-expr","locations":[{"start":{"line":26,"column":15},"end":{"line":26,"column":20}},{"start":{"line":26,"column":24},"end":{"line":26,"column":44}}],"line":26}},"s":{"0":1,"1":3,"2":3,"3":1},"f":{"0":3},"b":{"0":[2],"1":[3,2]},"_coverageSchema":"1a1c01bbd47fc00a2c39e90264f33305004495a9","hash":"4ffec08b2b47a9b747119a9bcdf29df428a6ce24"}
,"C:\\Users\\Youcanprint1\\Desktop\\AI\\primariga\\src\\presentation\\hooks\\useBooks.ts": {"path":"C:\\Users\\Youcanprint1\\Desktop\\AI\\primariga\\src\\presentation\\hooks\\useBooks.ts","statementMap":{"0":{"start":{"line":6,"column":23},"end":{"line":6,"column":51}},"1":{"start":{"line":13,"column":22},"end":{"line":13,"column":63}},"2":{"start":{"line":13,"column":45},"end":{"line":13,"column":62}},"3":{"start":{"line":14,"column":22},"end":{"line":14,"column":63}},"4":{"start":{"line":14,"column":45},"end":{"line":14,"column":62}},"5":{"start":{"line":16,"column":2},"end":{"line":27,"column":5}},"6":{"start":{"line":19,"column":19},"end":{"line":19,"column":66}},"7":{"start":{"line":20,"column":6},"end":{"line":22,"column":7}},"8":{"start":{"line":21,"column":8},"end":{"line":21,"column":29}},"9":{"start":{"line":23,"column":6},"end":{"line":23,"column":18}},"10":{"start":{"line":34,"column":2},"end":{"line":41,"column":5}},"11":{"start":{"line":37,"column":6},"end":{"line":37,"column":31}},"12":{"start":{"line":37,"column":19},"end":{"line":37,"column":31}},"13":{"start":{"line":38,"column":6},"end":{"line":38,"column":54}},"14":{"start":{"line":48,"column":25},"end":{"line":48,"column":69}},"15":{"start":{"line":48,"column":48},"end":{"line":48,"column":68}},"16":{"start":{"line":49,"column":27},"end":{"line":49,"column":73}},"17":{"start":{"line":49,"column":50},"end":{"line":49,"column":72}},"18":{"start":{"line":51,"column":2},"end":{"line":61,"column":5}},"19":{"start":{"line":54,"column":6},"end":{"line":59,"column":9}},"20":{"start":{"line":68,"column":2},"end":{"line":75,"column":5}},"21":{"start":{"line":71,"column":6},"end":{"line":71,"column":31}},"22":{"start":{"line":71,"column":19},"end":{"line":71,"column":31}},"23":{"start":{"line":72,"column":6},"end":{"line":72,"column":54}},"24":{"start":{"line":82,"column":2},"end":{"line":89,"column":5}},"25":{"start":{"line":85,"column":6},"end":{"line":85,"column":60}},"26":{"start":{"line":85,"column":50},"end":{"line":85,"column":60}},"27":{"start":{"line":86,"column":6},"end":{"line":86,"column":59}},"28":{"start":{"line":96,"column":22},"end":{"line":96,"column":38}},"29":{"start":{"line":98,"column":2},"end":{"line":106,"column":5}},"30":{"start":{"line":100,"column":6},"end":{"line":100,"column":61}},"31":{"start":{"line":104,"column":6},"end":{"line":104,"column":68}},"32":{"start":{"line":113,"column":22},"end":{"line":113,"column":38}},"33":{"start":{"line":115,"column":2},"end":{"line":122,"column":5}},"34":{"start":{"line":117,"column":6},"end":{"line":117,"column":62}},"35":{"start":{"line":120,"column":6},"end":{"line":120,"column":68}}},"fnMap":{"0":{"name":"useRandomBook","decl":{"start":{"line":12,"column":16},"end":{"line":12,"column":29}},"loc":{"start":{"line":12,"column":32},"end":{"line":28,"column":1}},"line":12},"1":{"name":"(anonymous_1)","decl":{"start":{"line":13,"column":34},"end":{"line":13,"column":35}},"loc":{"start":{"line":13,"column":45},"end":{"line":13,"column":62}},"line":13},"2":{"name":"(anonymous_2)","decl":{"start":{"line":14,"column":34},"end":{"line":14,"column":35}},"loc":{"start":{"line":14,"column":45},"end":{"line":14,"column":62}},"line":14},"3":{"name":"(anonymous_3)","decl":{"start":{"line":18,"column":13},"end":{"line":18,"column":14}},"loc":{"start":{"line":18,"column":25},"end":{"line":24,"column":5}},"line":18},"4":{"name":"useBook","decl":{"start":{"line":33,"column":16},"end":{"line":33,"column":23}},"loc":{"start":{"line":33,"column":52},"end":{"line":42,"column":1}},"line":33},"5":{"name":"(anonymous_5)","decl":{"start":{"line":36,"column":13},"end":{"line":36,"column":14}},"loc":{"start":{"line":36,"column":25},"end":{"line":39,"column":5}},"line":36},"6":{"name":"useBooks","decl":{"start":{"line":47,"column":16},"end":{"line":47,"column":24}},"loc":{"start":{"line":47,"column":63},"end":{"line":62,"column":1}},"line":47},"7":{"name":"(anonymous_7)","decl":{"start":{"line":48,"column":37},"end":{"line":48,"column":38}},"loc":{"start":{"line":48,"column":48},"end":{"line":48,"column":68}},"line":48},"8":{"name":"(anonymous_8)","decl":{"start":{"line":49,"column":39},"end":{"line":49,"column":40}},"loc":{"start":{"line":49,"column":50},"end":{"line":49,"column":72}},"line":49},"9":{"name":"(anonymous_9)","decl":{"start":{"line":53,"column":13},"end":{"line":53,"column":14}},"loc":{"start":{"line":53,"column":25},"end":{"line":60,"column":5}},"line":53},"10":{"name":"useBookLine","decl":{"start":{"line":67,"column":16},"end":{"line":67,"column":27}},"loc":{"start":{"line":67,"column":56},"end":{"line":76,"column":1}},"line":67},"11":{"name":"(anonymous_11)","decl":{"start":{"line":70,"column":13},"end":{"line":70,"column":14}},"loc":{"start":{"line":70,"column":25},"end":{"line":73,"column":5}},"line":70},"12":{"name":"useSearchBooks","decl":{"start":{"line":81,"column":16},"end":{"line":81,"column":30}},"loc":{"start":{"line":81,"column":52},"end":{"line":90,"column":1}},"line":81},"13":{"name":"(anonymous_13)","decl":{"start":{"line":84,"column":13},"end":{"line":84,"column":14}},"loc":{"start":{"line":84,"column":25},"end":{"line":87,"column":5}},"line":84},"14":{"name":"useIncrementBookView","decl":{"start":{"line":95,"column":16},"end":{"line":95,"column":36}},"loc":{"start":{"line":95,"column":39},"end":{"line":107,"column":1}},"line":95},"15":{"name":"(anonymous_15)","decl":{"start":{"line":99,"column":16},"end":{"line":99,"column":17}},"loc":{"start":{"line":99,"column":42},"end":{"line":101,"column":5}},"line":99},"16":{"name":"(anonymous_16)","decl":{"start":{"line":102,"column":15},"end":{"line":102,"column":16}},"loc":{"start":{"line":102,"column":30},"end":{"line":105,"column":5}},"line":102},"17":{"name":"useIncrementBookClick","decl":{"start":{"line":112,"column":16},"end":{"line":112,"column":37}},"loc":{"start":{"line":112,"column":40},"end":{"line":123,"column":1}},"line":112},"18":{"name":"(anonymous_18)","decl":{"start":{"line":116,"column":16},"end":{"line":116,"column":17}},"loc":{"start":{"line":116,"column":42},"end":{"line":118,"column":5}},"line":116},"19":{"name":"(anonymous_19)","decl":{"start":{"line":119,"column":15},"end":{"line":119,"column":16}},"loc":{"start":{"line":119,"column":30},"end":{"line":121,"column":5}},"line":119}},"branchMap":{"0":{"loc":{"start":{"line":20,"column":6},"end":{"line":22,"column":7}},"type":"if","locations":[{"start":{"line":20,"column":6},"end":{"line":22,"column":7}},{"start":{},"end":{}}],"line":20},"1":{"loc":{"start":{"line":37,"column":6},"end":{"line":37,"column":31}},"type":"if","locations":[{"start":{"line":37,"column":6},"end":{"line":37,"column":31}},{"start":{},"end":{}}],"line":37},"2":{"loc":{"start":{"line":47,"column":25},"end":{"line":47,"column":41}},"type":"default-arg","locations":[{"start":{"line":47,"column":40},"end":{"line":47,"column":41}}],"line":47},"3":{"loc":{"start":{"line":47,"column":43},"end":{"line":47,"column":61}},"type":"default-arg","locations":[{"start":{"line":47,"column":59},"end":{"line":47,"column":61}}],"line":47},"4":{"loc":{"start":{"line":55,"column":16},"end":{"line":55,"column":70}},"type":"cond-expr","locations":[{"start":{"line":55,"column":44},"end":{"line":55,"column":58}},{"start":{"line":55,"column":61},"end":{"line":55,"column":70}}],"line":55},"5":{"loc":{"start":{"line":56,"column":18},"end":{"line":56,"column":74}},"type":"cond-expr","locations":[{"start":{"line":56,"column":46},"end":{"line":56,"column":62}},{"start":{"line":56,"column":65},"end":{"line":56,"column":74}}],"line":56},"6":{"loc":{"start":{"line":71,"column":6},"end":{"line":71,"column":31}},"type":"if","locations":[{"start":{"line":71,"column":6},"end":{"line":71,"column":31}},{"start":{},"end":{}}],"line":71},"7":{"loc":{"start":{"line":85,"column":6},"end":{"line":85,"column":60}},"type":"if","locations":[{"start":{"line":85,"column":6},"end":{"line":85,"column":60}},{"start":{},"end":{}}],"line":85},"8":{"loc":{"start":{"line":85,"column":10},"end":{"line":85,"column":48}},"type":"binary-expr","locations":[{"start":{"line":85,"column":10},"end":{"line":85,"column":22}},{"start":{"line":85,"column":26},"end":{"line":85,"column":48}}],"line":85}},"s":{"0":0,"1":0,"2":0,"3":0,"4":0,"5":0,"6":0,"7":0,"8":0,"9":0,"10":0,"11":0,"12":0,"13":0,"14":0,"15":0,"16":0,"17":0,"18":0,"19":0,"20":0,"21":0,"22":0,"23":0,"24":0,"25":0,"26":0,"27":0,"28":0,"29":0,"30":0,"31":0,"32":0,"33":0,"34":0,"35":0},"f":{"0":0,"1":0,"2":0,"3":0,"4":0,"5":0,"6":0,"7":0,"8":0,"9":0,"10":0,"11":0,"12":0,"13":0,"14":0,"15":0,"16":0,"17":0,"18":0,"19":0},"b":{"0":[0,0],"1":[0,0],"2":[0],"3":[0],"4":[0,0],"5":[0,0],"6":[0,0],"7":[0,0],"8":[0,0]}}
,"C:\\Users\\Youcanprint1\\Desktop\\AI\\primariga\\src\\presentation\\hooks\\useLikes.ts": {"path":"C:\\Users\\Youcanprint1\\Desktop\\AI\\primariga\\src\\presentation\\hooks\\useLikes.ts","statementMap":{"0":{"start":{"line":6,"column":34},"end":{"line":6,"column":73}},"1":{"start":{"line":7,"column":23},"end":{"line":7,"column":51}},"2":{"start":{"line":13,"column":17},"end":{"line":13,"column":53}},"3":{"start":{"line":13,"column":40},"end":{"line":13,"column":52}},"4":{"start":{"line":15,"column":2},"end":{"line":24,"column":5}},"5":{"start":{"line":18,"column":6},"end":{"line":18,"column":29}},"6":{"start":{"line":18,"column":19},"end":{"line":18,"column":29}},"7":{"start":{"line":19,"column":22},"end":{"line":19,"column":75}},"8":{"start":{"line":20,"column":6},"end":{"line":20,"column":42}},"9":{"start":{"line":20,"column":32},"end":{"line":20,"column":42}},"10":{"start":{"line":21,"column":6},"end":{"line":21,"column":57}},"11":{"start":{"line":31,"column":17},"end":{"line":31,"column":53}},"12":{"start":{"line":31,"column":40},"end":{"line":31,"column":52}},"13":{"start":{"line":33,"column":2},"end":{"line":41,"column":5}},"14":{"start":{"line":36,"column":6},"end":{"line":36,"column":43}},"15":{"start":{"line":36,"column":30},"end":{"line":36,"column":43}},"16":{"start":{"line":37,"column":26},"end":{"line":37,"column":92}},"17":{"start":{"line":38,"column":6},"end":{"line":38,"column":53}},"18":{"start":{"line":48,"column":22},"end":{"line":48,"column":38}},"19":{"start":{"line":49,"column":17},"end":{"line":49,"column":53}},"20":{"start":{"line":49,"column":40},"end":{"line":49,"column":52}},"21":{"start":{"line":51,"column":2},"end":{"line":67,"column":5}},"22":{"start":{"line":53,"column":6},"end":{"line":53,"column":61}},"23":{"start":{"line":53,"column":19},"end":{"line":53,"column":61}},"24":{"start":{"line":55,"column":30},"end":{"line":55,"column":59}},"25":{"start":{"line":56,"column":6},"end":{"line":60,"column":8}},"26":{"start":{"line":64,"column":6},"end":{"line":64,"column":74}},"27":{"start":{"line":65,"column":6},"end":{"line":65,"column":83}}},"fnMap":{"0":{"name":"useLikedBooks","decl":{"start":{"line":12,"column":16},"end":{"line":12,"column":29}},"loc":{"start":{"line":12,"column":32},"end":{"line":25,"column":1}},"line":12},"1":{"name":"(anonymous_1)","decl":{"start":{"line":13,"column":29},"end":{"line":13,"column":30}},"loc":{"start":{"line":13,"column":40},"end":{"line":13,"column":52}},"line":13},"2":{"name":"(anonymous_2)","decl":{"start":{"line":17,"column":13},"end":{"line":17,"column":14}},"loc":{"start":{"line":17,"column":25},"end":{"line":22,"column":5}},"line":17},"3":{"name":"useIsBookLiked","decl":{"start":{"line":30,"column":16},"end":{"line":30,"column":30}},"loc":{"start":{"line":30,"column":59},"end":{"line":42,"column":1}},"line":30},"4":{"name":"(anonymous_4)","decl":{"start":{"line":31,"column":29},"end":{"line":31,"column":30}},"loc":{"start":{"line":31,"column":40},"end":{"line":31,"column":52}},"line":31},"5":{"name":"(anonymous_5)","decl":{"start":{"line":35,"column":13},"end":{"line":35,"column":14}},"loc":{"start":{"line":35,"column":25},"end":{"line":39,"column":5}},"line":35},"6":{"name":"useToggleLike","decl":{"start":{"line":47,"column":16},"end":{"line":47,"column":29}},"loc":{"start":{"line":47,"column":32},"end":{"line":68,"column":1}},"line":47},"7":{"name":"(anonymous_7)","decl":{"start":{"line":49,"column":29},"end":{"line":49,"column":30}},"loc":{"start":{"line":49,"column":40},"end":{"line":49,"column":52}},"line":49},"8":{"name":"(anonymous_8)","decl":{"start":{"line":52,"column":16},"end":{"line":52,"column":17}},"loc":{"start":{"line":52,"column":85},"end":{"line":61,"column":5}},"line":52},"9":{"name":"(anonymous_9)","decl":{"start":{"line":62,"column":15},"end":{"line":62,"column":16}},"loc":{"start":{"line":62,"column":34},"end":{"line":66,"column":5}},"line":62}},"branchMap":{"0":{"loc":{"start":{"line":18,"column":6},"end":{"line":18,"column":29}},"type":"if","locations":[{"start":{"line":18,"column":6},"end":{"line":18,"column":29}},{"start":{},"end":{}}],"line":18},"1":{"loc":{"start":{"line":20,"column":6},"end":{"line":20,"column":42}},"type":"if","locations":[{"start":{"line":20,"column":6},"end":{"line":20,"column":42}},{"start":{},"end":{}}],"line":20},"2":{"loc":{"start":{"line":36,"column":6},"end":{"line":36,"column":43}},"type":"if","locations":[{"start":{"line":36,"column":6},"end":{"line":36,"column":43}},{"start":{},"end":{}}],"line":36},"3":{"loc":{"start":{"line":36,"column":10},"end":{"line":36,"column":28}},"type":"binary-expr","locations":[{"start":{"line":36,"column":10},"end":{"line":36,"column":17}},{"start":{"line":36,"column":21},"end":{"line":36,"column":28}}],"line":36},"4":{"loc":{"start":{"line":40,"column":13},"end":{"line":40,"column":33}},"type":"binary-expr","locations":[{"start":{"line":40,"column":13},"end":{"line":40,"column":21}},{"start":{"line":40,"column":25},"end":{"line":40,"column":33}}],"line":40},"5":{"loc":{"start":{"line":53,"column":6},"end":{"line":53,"column":61}},"type":"if","locations":[{"start":{"line":53,"column":6},"end":{"line":53,"column":61}},{"start":{},"end":{}}],"line":53},"6":{"loc":{"start":{"line":55,"column":30},"end":{"line":55,"column":59}},"type":"cond-expr","locations":[{"start":{"line":55,"column":41},"end":{"line":55,"column":47}},{"start":{"line":55,"column":50},"end":{"line":55,"column":59}}],"line":55}},"s":{"0":0,"1":0,"2":0,"3":0,"4":0,"5":0,"6":0,"7":0,"8":0,"9":0,"10":0,"11":0,"12":0,"13":0,"14":0,"15":0,"16":0,"17":0,"18":0,"19":0,"20":0,"21":0,"22":0,"23":0,"24":0,"25":0,"26":0,"27":0},"f":{"0":0,"1":0,"2":0,"3":0,"4":0,"5":0,"6":0,"7":0,"8":0,"9":0},"b":{"0":[0,0],"1":[0,0],"2":[0,0],"3":[0,0],"4":[0,0],"5":[0,0],"6":[0,0]}}
,"C:\\Users\\Youcanprint1\\Desktop\\AI\\primariga\\src\\presentation\\theme\\colors.ts": {"path":"C:\\Users\\Youcanprint1\\Desktop\\AI\\primariga\\src\\presentation\\theme\\colors.ts","statementMap":{"0":{"start":{"line":5,"column":22},"end":{"line":76,"column":1}}},"fnMap":{},"branchMap":{},"s":{"0":0},"f":{},"b":{}}
,"C:\\Users\\Youcanprint1\\Desktop\\AI\\primariga\\src\\presentation\\theme\\spacing.ts": {"path":"C:\\Users\\Youcanprint1\\Desktop\\AI\\primariga\\src\\presentation\\theme\\spacing.ts","statementMap":{"0":{"start":{"line":6,"column":23},"end":{"line":15,"column":1}},"1":{"start":{"line":20,"column":28},"end":{"line":28,"column":1}},"2":{"start":{"line":33,"column":23},"end":{"line":69,"column":1}},"3":{"start":{"line":74,"column":23},"end":{"line":80,"column":1}},"4":{"start":{"line":85,"column":22},"end":{"line":95,"column":1}}},"fnMap":{},"branchMap":{},"s":{"0":1,"1":1,"2":1,"3":1,"4":1},"f":{},"b":{},"_coverageSchema":"1a1c01bbd47fc00a2c39e90264f33305004495a9","hash":"5b7ef63d741ab3f36508cb305b735551d21d8a62"}
,"C:\\Users\\Youcanprint1\\Desktop\\AI\\primariga\\src\\presentation\\theme\\theme.ts": {"path":"C:\\Users\\Youcanprint1\\Desktop\\AI\\primariga\\src\\presentation\\theme\\theme.ts","statementMap":{},"fnMap":{},"branchMap":{},"s":{},"f":{},"b":{}}
,"C:\\Users\\Youcanprint1\\Desktop\\AI\\primariga\\src\\presentation\\theme\\typography.ts": {"path":"C:\\Users\\Youcanprint1\\Desktop\\AI\\primariga\\src\\presentation\\theme\\typography.ts","statementMap":{"0":{"start":{"line":6,"column":26},"end":{"line":53,"column":1}},"1":{"start":{"line":58,"column":26},"end":{"line":132,"column":1}}},"fnMap":{},"branchMap":{},"s":{"0":0,"1":0},"f":{},"b":{}}
}
